{"C:\\Users\\SanjuBalakrishnan\\Desktop\\Certificate-Project\\ReactWorkSpace\\ReactJSProject\\src\\client\\actions\\ContactMeAction.js": {"path":"C:\\Users\\SanjuBalakrishnan\\Desktop\\Certificate-Project\\ReactWorkSpace\\ReactJSProject\\src\\client\\actions\\ContactMeAction.js","statementMap":{"0":{"start":{"line":9,"column":36},"end":{"line":12,"column":2}},"1":{"start":{"line":9,"column":48},"end":{"line":12,"column":1}},"2":{"start":{"line":14,"column":35},"end":{"line":17,"column":2}},"3":{"start":{"line":14,"column":47},"end":{"line":17,"column":1}},"4":{"start":{"line":19,"column":38},"end":{"line":22,"column":2}},"5":{"start":{"line":19,"column":50},"end":{"line":22,"column":1}},"6":{"start":{"line":24,"column":35},"end":{"line":27,"column":2}},"7":{"start":{"line":24,"column":47},"end":{"line":27,"column":1}},"8":{"start":{"line":29,"column":29},"end":{"line":31,"column":2}},"9":{"start":{"line":29,"column":36},"end":{"line":31,"column":1}}},"fnMap":{"0":{"name":"(anonymous_0)","decl":{"start":{"line":9,"column":36},"end":{"line":9,"column":37}},"loc":{"start":{"line":9,"column":48},"end":{"line":12,"column":1}},"line":9},"1":{"name":"(anonymous_1)","decl":{"start":{"line":14,"column":35},"end":{"line":14,"column":36}},"loc":{"start":{"line":14,"column":47},"end":{"line":17,"column":1}},"line":14},"2":{"name":"(anonymous_2)","decl":{"start":{"line":19,"column":38},"end":{"line":19,"column":39}},"loc":{"start":{"line":19,"column":50},"end":{"line":22,"column":1}},"line":19},"3":{"name":"(anonymous_3)","decl":{"start":{"line":24,"column":35},"end":{"line":24,"column":36}},"loc":{"start":{"line":24,"column":47},"end":{"line":27,"column":1}},"line":24},"4":{"name":"(anonymous_4)","decl":{"start":{"line":29,"column":29},"end":{"line":29,"column":30}},"loc":{"start":{"line":29,"column":36},"end":{"line":31,"column":1}},"line":29}},"branchMap":{},"s":{"0":2,"1":4,"2":2,"3":1,"4":2,"5":1,"6":2,"7":1,"8":2,"9":1},"f":{"0":4,"1":1,"2":1,"3":1,"4":1},"b":{},"_coverageSchema":"1a1c01bbd47fc00a2c39e90264f33305004495a9","hash":"63d08781df0f45319e53e51975b1d01901acccc3"}
,"C:\\Users\\SanjuBalakrishnan\\Desktop\\Certificate-Project\\ReactWorkSpace\\ReactJSProject\\src\\client\\actions\\LoaderAction.js": {"path":"C:\\Users\\SanjuBalakrishnan\\Desktop\\Certificate-Project\\ReactWorkSpace\\ReactJSProject\\src\\client\\actions\\LoaderAction.js","statementMap":{"0":{"start":{"line":3,"column":26},"end":{"line":5,"column":2}},"1":{"start":{"line":3,"column":33},"end":{"line":5,"column":1}},"2":{"start":{"line":7,"column":28},"end":{"line":9,"column":2}},"3":{"start":{"line":7,"column":35},"end":{"line":9,"column":1}}},"fnMap":{"0":{"name":"(anonymous_0)","decl":{"start":{"line":3,"column":26},"end":{"line":3,"column":27}},"loc":{"start":{"line":3,"column":33},"end":{"line":5,"column":1}},"line":3},"1":{"name":"(anonymous_1)","decl":{"start":{"line":7,"column":28},"end":{"line":7,"column":29}},"loc":{"start":{"line":7,"column":35},"end":{"line":9,"column":1}},"line":7}},"branchMap":{},"s":{"0":1,"1":1,"2":1,"3":1},"f":{"0":1,"1":1},"b":{},"_coverageSchema":"1a1c01bbd47fc00a2c39e90264f33305004495a9","hash":"b2c9be255839da63f826bbd299016e6f5c9ad12f"}
,"C:\\Users\\SanjuBalakrishnan\\Desktop\\Certificate-Project\\ReactWorkSpace\\ReactJSProject\\src\\client\\actions\\LoginAction.js": {"path":"C:\\Users\\SanjuBalakrishnan\\Desktop\\Certificate-Project\\ReactWorkSpace\\ReactJSProject\\src\\client\\actions\\LoginAction.js","statementMap":{"0":{"start":{"line":3,"column":30},"end":{"line":6,"column":2}},"1":{"start":{"line":3,"column":42},"end":{"line":6,"column":1}}},"fnMap":{"0":{"name":"(anonymous_0)","decl":{"start":{"line":3,"column":30},"end":{"line":3,"column":31}},"loc":{"start":{"line":3,"column":42},"end":{"line":6,"column":1}},"line":3}},"branchMap":{},"s":{"0":2,"1":9},"f":{"0":9},"b":{},"_coverageSchema":"1a1c01bbd47fc00a2c39e90264f33305004495a9","hash":"ae77494cdb6686dc7a770cb3ada0bdd111b5781b"}
,"C:\\Users\\SanjuBalakrishnan\\Desktop\\Certificate-Project\\ReactWorkSpace\\ReactJSProject\\src\\client\\actions\\PageAction.js": {"path":"C:\\Users\\SanjuBalakrishnan\\Desktop\\Certificate-Project\\ReactWorkSpace\\ReactJSProject\\src\\client\\actions\\PageAction.js","statementMap":{"0":{"start":{"line":3,"column":30},"end":{"line":6,"column":2}},"1":{"start":{"line":3,"column":42},"end":{"line":6,"column":1}}},"fnMap":{"0":{"name":"(anonymous_0)","decl":{"start":{"line":3,"column":30},"end":{"line":3,"column":31}},"loc":{"start":{"line":3,"column":42},"end":{"line":6,"column":1}},"line":3}},"branchMap":{},"s":{"0":4,"1":4},"f":{"0":4},"b":{},"_coverageSchema":"1a1c01bbd47fc00a2c39e90264f33305004495a9","hash":"ebc1727fcdb1d83829ec7496e03b969f6b1ae526"}
,"C:\\Users\\SanjuBalakrishnan\\Desktop\\Certificate-Project\\ReactWorkSpace\\ReactJSProject\\src\\client\\actions\\UserInfoAction.js": {"path":"C:\\Users\\SanjuBalakrishnan\\Desktop\\Certificate-Project\\ReactWorkSpace\\ReactJSProject\\src\\client\\actions\\UserInfoAction.js","statementMap":{"0":{"start":{"line":3,"column":23},"end":{"line":6,"column":2}},"1":{"start":{"line":3,"column":35},"end":{"line":6,"column":1}}},"fnMap":{"0":{"name":"(anonymous_0)","decl":{"start":{"line":3,"column":23},"end":{"line":3,"column":24}},"loc":{"start":{"line":3,"column":35},"end":{"line":6,"column":1}},"line":3}},"branchMap":{},"s":{"0":1,"1":1},"f":{"0":1},"b":{},"_coverageSchema":"1a1c01bbd47fc00a2c39e90264f33305004495a9","hash":"5fe4b8a5b28a384d1309c90c17aead26154909a1"}
,"C:\\Users\\SanjuBalakrishnan\\Desktop\\Certificate-Project\\ReactWorkSpace\\ReactJSProject\\src\\client\\common\\Constants.js": {"path":"C:\\Users\\SanjuBalakrishnan\\Desktop\\Certificate-Project\\ReactWorkSpace\\ReactJSProject\\src\\client\\common\\Constants.js","statementMap":{"0":{"start":{"line":2,"column":24},"end":{"line":17,"column":1}},"1":{"start":{"line":19,"column":26},"end":{"line":32,"column":1}},"2":{"start":{"line":34,"column":19},"end":{"line":34,"column":20}},"3":{"start":{"line":36,"column":25},"end":{"line":36,"column":30}},"4":{"start":{"line":38,"column":27},"end":{"line":51,"column":1}},"5":{"start":{"line":53,"column":28},"end":{"line":58,"column":1}},"6":{"start":{"line":60,"column":26},"end":{"line":74,"column":1}}},"fnMap":{},"branchMap":{},"s":{"0":5,"1":5,"2":5,"3":5,"4":5,"5":5,"6":5},"f":{},"b":{},"_coverageSchema":"1a1c01bbd47fc00a2c39e90264f33305004495a9","hash":"7ddbefe892d00ed18f2068087c0064ad4d864503"}
,"C:\\Users\\SanjuBalakrishnan\\Desktop\\Certificate-Project\\ReactWorkSpace\\ReactJSProject\\src\\client\\common\\Utils\\Utils.js": {"path":"C:\\Users\\SanjuBalakrishnan\\Desktop\\Certificate-Project\\ReactWorkSpace\\ReactJSProject\\src\\client\\common\\Utils\\Utils.js","statementMap":{"0":{"start":{"line":2,"column":2},"end":{"line":5,"column":5}}},"fnMap":{"0":{"name":"formatCurrency","decl":{"start":{"line":1,"column":16},"end":{"line":1,"column":30}},"loc":{"start":{"line":1,"column":38},"end":{"line":6,"column":1}},"line":1}},"branchMap":{},"s":{"0":70},"f":{"0":70},"b":{},"_coverageSchema":"1a1c01bbd47fc00a2c39e90264f33305004495a9","hash":"fb55eb5aa0d67310aa0bec8637109666b388f91f"}
,"C:\\Users\\SanjuBalakrishnan\\Desktop\\Certificate-Project\\ReactWorkSpace\\ReactJSProject\\src\\client\\components\\Button\\Button.jsx": {"path":"C:\\Users\\SanjuBalakrishnan\\Desktop\\Certificate-Project\\ReactWorkSpace\\ReactJSProject\\src\\client\\components\\Button\\Button.jsx","statementMap":{"0":{"start":{"line":5,"column":21},"end":{"line":5,"column":50}},"1":{"start":{"line":6,"column":21},"end":{"line":6,"column":68}},"2":{"start":{"line":7,"column":15},"end":{"line":7,"column":59}},"3":{"start":{"line":10,"column":15},"end":{"line":28,"column":1}},"4":{"start":{"line":11,"column":105},"end":{"line":11,"column":110}},"5":{"start":{"line":13,"column":23},"end":{"line":13,"column":63}},"6":{"start":{"line":14,"column":25},"end":{"line":14,"column":100}},"7":{"start":{"line":15,"column":4},"end":{"line":27,"column":6}},"8":{"start":{"line":30,"column":0},"end":{"line":40,"column":2}},"9":{"start":{"line":42,"column":0},"end":{"line":52,"column":2}}},"fnMap":{"0":{"name":"(anonymous_0)","decl":{"start":{"line":10,"column":15},"end":{"line":10,"column":16}},"loc":{"start":{"line":10,"column":24},"end":{"line":28,"column":1}},"line":10}},"branchMap":{"0":{"loc":{"start":{"line":13,"column":23},"end":{"line":13,"column":63}},"type":"cond-expr","locations":[{"start":{"line":13,"column":47},"end":{"line":13,"column":56}},{"start":{"line":13,"column":59},"end":{"line":13,"column":63}}],"line":13},"1":{"loc":{"start":{"line":14,"column":32},"end":{"line":14,"column":58}},"type":"cond-expr","locations":[{"start":{"line":14,"column":39},"end":{"line":14,"column":51}},{"start":{"line":14,"column":54},"end":{"line":14,"column":58}}],"line":14}},"s":{"0":1,"1":1,"2":1,"3":1,"4":6,"5":6,"6":6,"7":6,"8":1,"9":1},"f":{"0":6},"b":{"0":[2,4],"1":[5,1]},"_coverageSchema":"1a1c01bbd47fc00a2c39e90264f33305004495a9","hash":"34d021269cb8cffb0e013b48ff1583082181ef0b"}
,"C:\\Users\\SanjuBalakrishnan\\Desktop\\Certificate-Project\\ReactWorkSpace\\ReactJSProject\\src\\client\\components\\ErrorPage\\ErrorPage.jsx": {"path":"C:\\Users\\SanjuBalakrishnan\\Desktop\\Certificate-Project\\ReactWorkSpace\\ReactJSProject\\src\\client\\components\\ErrorPage\\ErrorPage.jsx","statementMap":{"0":{"start":{"line":11,"column":8},"end":{"line":20,"column":10}},"1":{"start":{"line":24,"column":24},"end":{"line":26,"column":2}},"2":{"start":{"line":24,"column":34},"end":{"line":26,"column":1}},"3":{"start":{"line":28,"column":27},"end":{"line":35,"column":2}},"4":{"start":{"line":28,"column":40},"end":{"line":35,"column":1}}},"fnMap":{"0":{"name":"(anonymous_0)","decl":{"start":{"line":10,"column":4},"end":{"line":10,"column":5}},"loc":{"start":{"line":10,"column":13},"end":{"line":21,"column":5}},"line":10},"1":{"name":"(anonymous_1)","decl":{"start":{"line":24,"column":24},"end":{"line":24,"column":25}},"loc":{"start":{"line":24,"column":34},"end":{"line":26,"column":1}},"line":24},"2":{"name":"(anonymous_2)","decl":{"start":{"line":28,"column":27},"end":{"line":28,"column":28}},"loc":{"start":{"line":28,"column":40},"end":{"line":35,"column":1}},"line":28}},"branchMap":{},"s":{"0":1,"1":1,"2":1,"3":1,"4":1},"f":{"0":1,"1":1,"2":1},"b":{},"_coverageSchema":"1a1c01bbd47fc00a2c39e90264f33305004495a9","hash":"5bc8c7cb561604835c54f9c3034ae9038086545b"}
,"C:\\Users\\SanjuBalakrishnan\\Desktop\\Certificate-Project\\ReactWorkSpace\\ReactJSProject\\src\\client\\components\\Layout\\Layout.js": {"path":"C:\\Users\\SanjuBalakrishnan\\Desktop\\Certificate-Project\\ReactWorkSpace\\ReactJSProject\\src\\client\\components\\Layout\\Layout.js","statementMap":{"0":{"start":{"line":7,"column":26},"end":{"line":8,"column":5}},"1":{"start":{"line":10,"column":23},"end":{"line":11,"column":5}},"2":{"start":{"line":14,"column":8},"end":{"line":14,"column":16}},"3":{"start":{"line":15,"column":8},"end":{"line":17,"column":10}},"4":{"start":{"line":20,"column":13},"end":{"line":22,"column":5}},"5":{"start":{"line":21,"column":8},"end":{"line":21,"column":35}},"6":{"start":{"line":25,"column":31},"end":{"line":25,"column":41}},"7":{"start":{"line":26,"column":8},"end":{"line":64,"column":10}}},"fnMap":{"0":{"name":"(anonymous_0)","decl":{"start":{"line":13,"column":4},"end":{"line":13,"column":5}},"loc":{"start":{"line":13,"column":18},"end":{"line":18,"column":5}},"line":13},"1":{"name":"(anonymous_1)","decl":{"start":{"line":20,"column":13},"end":{"line":20,"column":14}},"loc":{"start":{"line":20,"column":19},"end":{"line":22,"column":5}},"line":20},"2":{"name":"(anonymous_2)","decl":{"start":{"line":24,"column":4},"end":{"line":24,"column":5}},"loc":{"start":{"line":24,"column":13},"end":{"line":65,"column":5}},"line":24}},"branchMap":{},"s":{"0":7,"1":7,"2":14,"3":14,"4":14,"5":1,"6":23,"7":23},"f":{"0":14,"1":1,"2":23},"b":{},"_coverageSchema":"1a1c01bbd47fc00a2c39e90264f33305004495a9","hash":"ffc14d1e2448bb3a5e58ceebd3a2fd0cb9dec1f3"}
,"C:\\Users\\SanjuBalakrishnan\\Desktop\\Certificate-Project\\ReactWorkSpace\\ReactJSProject\\src\\client\\components\\Loader\\Loader.jsx": {"path":"C:\\Users\\SanjuBalakrishnan\\Desktop\\Certificate-Project\\ReactWorkSpace\\ReactJSProject\\src\\client\\components\\Loader\\Loader.jsx","statementMap":{"0":{"start":{"line":7,"column":11},"end":{"line":7,"column":34}},"1":{"start":{"line":10,"column":23},"end":{"line":17,"column":5}},"2":{"start":{"line":19,"column":26},"end":{"line":26,"column":5}},"3":{"start":{"line":29,"column":8},"end":{"line":29,"column":60}},"4":{"start":{"line":33,"column":74},"end":{"line":33,"column":84}},"5":{"start":{"line":35,"column":8},"end":{"line":52,"column":10}},"6":{"start":{"line":56,"column":24},"end":{"line":58,"column":2}},"7":{"start":{"line":56,"column":34},"end":{"line":58,"column":1}}},"fnMap":{"0":{"name":"(anonymous_0)","decl":{"start":{"line":28,"column":4},"end":{"line":28,"column":5}},"loc":{"start":{"line":28,"column":37},"end":{"line":30,"column":5}},"line":28},"1":{"name":"(anonymous_1)","decl":{"start":{"line":32,"column":4},"end":{"line":32,"column":5}},"loc":{"start":{"line":32,"column":13},"end":{"line":53,"column":5}},"line":32},"2":{"name":"(anonymous_2)","decl":{"start":{"line":56,"column":24},"end":{"line":56,"column":25}},"loc":{"start":{"line":56,"column":34},"end":{"line":58,"column":1}},"line":56}},"branchMap":{"0":{"loc":{"start":{"line":37,"column":17},"end":{"line":43,"column":17}},"type":"binary-expr","locations":[{"start":{"line":37,"column":17},"end":{"line":37,"column":37}},{"start":{"line":37,"column":41},"end":{"line":37,"column":60}},{"start":{"line":38,"column":20},"end":{"line":42,"column":26}}],"line":37},"1":{"loc":{"start":{"line":38,"column":62},"end":{"line":38,"column":96}},"type":"binary-expr","locations":[{"start":{"line":38,"column":62},"end":{"line":38,"column":76}},{"start":{"line":38,"column":80},"end":{"line":38,"column":96}}],"line":38},"2":{"loc":{"start":{"line":44,"column":17},"end":{"line":50,"column":17}},"type":"binary-expr","locations":[{"start":{"line":44,"column":17},"end":{"line":44,"column":35}},{"start":{"line":44,"column":39},"end":{"line":44,"column":60}},{"start":{"line":45,"column":20},"end":{"line":49,"column":26}}],"line":44}},"s":{"0":1,"1":1,"2":1,"3":1,"4":10,"5":10,"6":1,"7":6},"f":{"0":1,"1":10,"2":6},"b":{"0":[10,7,7],"1":[7,7],"2":[10,1,1]},"_coverageSchema":"1a1c01bbd47fc00a2c39e90264f33305004495a9","hash":"f221d0020e495c920304a84cfe3db0f36e20beb5"}
,"C:\\Users\\SanjuBalakrishnan\\Desktop\\Certificate-Project\\ReactWorkSpace\\ReactJSProject\\src\\client\\containers\\pages\\AboutUs\\AboutUs.jsx": {"path":"C:\\Users\\SanjuBalakrishnan\\Desktop\\Certificate-Project\\ReactWorkSpace\\ReactJSProject\\src\\client\\containers\\pages\\AboutUs\\AboutUs.jsx","statementMap":{"0":{"start":{"line":13,"column":23},"end":{"line":16,"column":5}},"1":{"start":{"line":18,"column":26},"end":{"line":21,"column":5}},"2":{"start":{"line":24,"column":8},"end":{"line":24,"column":44}},"3":{"start":{"line":28,"column":32},"end":{"line":28,"column":42}},"4":{"start":{"line":29,"column":8},"end":{"line":29,"column":48}},"5":{"start":{"line":30,"column":8},"end":{"line":51,"column":9}},"6":{"start":{"line":56,"column":24},"end":{"line":60,"column":1}},"7":{"start":{"line":57,"column":4},"end":{"line":59,"column":6}},"8":{"start":{"line":62,"column":27},"end":{"line":69,"column":2}},"9":{"start":{"line":62,"column":40},"end":{"line":69,"column":1}}},"fnMap":{"0":{"name":"(anonymous_0)","decl":{"start":{"line":23,"column":4},"end":{"line":23,"column":5}},"loc":{"start":{"line":23,"column":24},"end":{"line":25,"column":5}},"line":23},"1":{"name":"(anonymous_1)","decl":{"start":{"line":27,"column":4},"end":{"line":27,"column":5}},"loc":{"start":{"line":27,"column":13},"end":{"line":52,"column":5}},"line":27},"2":{"name":"(anonymous_2)","decl":{"start":{"line":56,"column":24},"end":{"line":56,"column":25}},"loc":{"start":{"line":56,"column":33},"end":{"line":60,"column":1}},"line":56},"3":{"name":"(anonymous_3)","decl":{"start":{"line":62,"column":27},"end":{"line":62,"column":28}},"loc":{"start":{"line":62,"column":40},"end":{"line":69,"column":1}},"line":62}},"branchMap":{"0":{"loc":{"start":{"line":33,"column":17},"end":{"line":49,"column":22}},"type":"binary-expr","locations":[{"start":{"line":33,"column":17},"end":{"line":33,"column":33}},{"start":{"line":33,"column":37},"end":{"line":49,"column":22}}],"line":33}},"s":{"0":1,"1":1,"2":2,"3":3,"4":3,"5":3,"6":1,"7":1,"8":1,"9":1},"f":{"0":2,"1":3,"2":1,"3":1},"b":{"0":[3,2]},"_coverageSchema":"1a1c01bbd47fc00a2c39e90264f33305004495a9","hash":"918a1a43641a498f7d534d178fcaf0b92f3f805a"}
,"C:\\Users\\SanjuBalakrishnan\\Desktop\\Certificate-Project\\ReactWorkSpace\\ReactJSProject\\src\\client\\containers\\pages\\Cart\\Cart.jsx": {"path":"C:\\Users\\SanjuBalakrishnan\\Desktop\\Certificate-Project\\ReactWorkSpace\\ReactJSProject\\src\\client\\containers\\pages\\Cart\\Cart.jsx","statementMap":{"0":{"start":{"line":12,"column":27},"end":{"line":12,"column":63}},"1":{"start":{"line":13,"column":36},"end":{"line":13,"column":66}},"2":{"start":{"line":14,"column":38},"end":{"line":14,"column":56}},"3":{"start":{"line":15,"column":50},"end":{"line":15,"column":67}},"4":{"start":{"line":17,"column":22},"end":{"line":19,"column":9}},"5":{"start":{"line":18,"column":8},"end":{"line":18,"column":44}},"6":{"start":{"line":20,"column":21},"end":{"line":22,"column":9}},"7":{"start":{"line":21,"column":8},"end":{"line":21,"column":57}},"8":{"start":{"line":23,"column":21},"end":{"line":23,"column":55}},"9":{"start":{"line":25,"column":36},"end":{"line":37,"column":5}},"10":{"start":{"line":26,"column":22},"end":{"line":26,"column":40}},"11":{"start":{"line":27,"column":25},"end":{"line":27,"column":40}},"12":{"start":{"line":28,"column":30},"end":{"line":28,"column":43}},"13":{"start":{"line":30,"column":8},"end":{"line":34,"column":9}},"14":{"start":{"line":31,"column":12},"end":{"line":31,"column":50}},"15":{"start":{"line":32,"column":15},"end":{"line":34,"column":9}},"16":{"start":{"line":33,"column":12},"end":{"line":33,"column":53}},"17":{"start":{"line":35,"column":8},"end":{"line":35,"column":55}},"18":{"start":{"line":36,"column":8},"end":{"line":36,"column":35}},"19":{"start":{"line":39,"column":28},"end":{"line":44,"column":5}},"20":{"start":{"line":40,"column":32},"end":{"line":42,"column":10}},"21":{"start":{"line":41,"column":12},"end":{"line":41,"column":30}},"22":{"start":{"line":43,"column":8},"end":{"line":43,"column":37}},"23":{"start":{"line":46,"column":29},"end":{"line":48,"column":5}},"24":{"start":{"line":47,"column":8},"end":{"line":47,"column":41}},"25":{"start":{"line":50,"column":27},"end":{"line":59,"column":5}},"26":{"start":{"line":51,"column":8},"end":{"line":57,"column":9}},"27":{"start":{"line":51,"column":21},"end":{"line":51,"column":22}},"28":{"start":{"line":58,"column":8},"end":{"line":58,"column":71}},"29":{"start":{"line":61,"column":4},"end":{"line":87,"column":6}},"30":{"start":{"line":83,"column":43},"end":{"line":83,"column":64}},"31":{"start":{"line":90,"column":0},"end":{"line":92,"column":2}},"32":{"start":{"line":94,"column":0},"end":{"line":96,"column":2}}},"fnMap":{"0":{"name":"Cart","decl":{"start":{"line":11,"column":9},"end":{"line":11,"column":13}},"loc":{"start":{"line":11,"column":16},"end":{"line":88,"column":1}},"line":11},"1":{"name":"(anonymous_1)","decl":{"start":{"line":17,"column":38},"end":{"line":17,"column":39}},"loc":{"start":{"line":17,"column":61},"end":{"line":19,"column":5}},"line":17},"2":{"name":"(anonymous_2)","decl":{"start":{"line":20,"column":37},"end":{"line":20,"column":38}},"loc":{"start":{"line":20,"column":57},"end":{"line":22,"column":5}},"line":20},"3":{"name":"(anonymous_3)","decl":{"start":{"line":25,"column":36},"end":{"line":25,"column":37}},"loc":{"start":{"line":25,"column":54},"end":{"line":37,"column":5}},"line":25},"4":{"name":"(anonymous_4)","decl":{"start":{"line":39,"column":28},"end":{"line":39,"column":29}},"loc":{"start":{"line":39,"column":35},"end":{"line":44,"column":5}},"line":39},"5":{"name":"(anonymous_5)","decl":{"start":{"line":40,"column":48},"end":{"line":40,"column":49}},"loc":{"start":{"line":40,"column":68},"end":{"line":42,"column":9}},"line":40},"6":{"name":"(anonymous_6)","decl":{"start":{"line":46,"column":29},"end":{"line":46,"column":30}},"loc":{"start":{"line":46,"column":40},"end":{"line":48,"column":5}},"line":46},"7":{"name":"(anonymous_7)","decl":{"start":{"line":50,"column":27},"end":{"line":50,"column":28}},"loc":{"start":{"line":50,"column":33},"end":{"line":59,"column":5}},"line":50},"8":{"name":"(anonymous_8)","decl":{"start":{"line":83,"column":37},"end":{"line":83,"column":38}},"loc":{"start":{"line":83,"column":43},"end":{"line":83,"column":64}},"line":83}},"branchMap":{"0":{"loc":{"start":{"line":30,"column":8},"end":{"line":34,"column":9}},"type":"if","locations":[{"start":{"line":30,"column":8},"end":{"line":34,"column":9}},{"start":{"line":30,"column":8},"end":{"line":34,"column":9}}],"line":30},"1":{"loc":{"start":{"line":32,"column":15},"end":{"line":34,"column":9}},"type":"if","locations":[{"start":{"line":32,"column":15},"end":{"line":34,"column":9}},{"start":{"line":32,"column":15},"end":{"line":34,"column":9}}],"line":32},"2":{"loc":{"start":{"line":32,"column":19},"end":{"line":32,"column":49}},"type":"binary-expr","locations":[{"start":{"line":32,"column":19},"end":{"line":32,"column":31}},{"start":{"line":32,"column":35},"end":{"line":32,"column":49}}],"line":32},"3":{"loc":{"start":{"line":65,"column":13},"end":{"line":85,"column":13}},"type":"cond-expr","locations":[{"start":{"line":66,"column":16},"end":{"line":79,"column":22}},{"start":{"line":81,"column":16},"end":{"line":84,"column":22}}],"line":65}},"s":{"0":8,"1":8,"2":8,"3":8,"4":8,"5":12,"6":8,"7":12,"8":8,"9":8,"10":2,"11":2,"12":2,"13":2,"14":1,"15":1,"16":1,"17":2,"18":2,"19":8,"20":2,"21":4,"22":2,"23":8,"24":2,"25":8,"26":2,"27":2,"28":2,"29":8,"30":0,"31":1,"32":1},"f":{"0":8,"1":12,"2":12,"3":2,"4":2,"5":4,"6":2,"7":2,"8":0},"b":{"0":[1,1],"1":[1,0],"2":[1,1],"3":[8,0]},"_coverageSchema":"1a1c01bbd47fc00a2c39e90264f33305004495a9","hash":"093241bd6dd443956a7a957f66efc0059dab41a7"}
,"C:\\Users\\SanjuBalakrishnan\\Desktop\\Certificate-Project\\ReactWorkSpace\\ReactJSProject\\src\\client\\containers\\pages\\Cart\\ProductList.jsx": {"path":"C:\\Users\\SanjuBalakrishnan\\Desktop\\Certificate-Project\\ReactWorkSpace\\ReactJSProject\\src\\client\\containers\\pages\\Cart\\ProductList.jsx","statementMap":{"0":{"start":{"line":6,"column":4},"end":{"line":57,"column":6}},"1":{"start":{"line":10,"column":20},"end":{"line":53,"column":22}},"2":{"start":{"line":34,"column":61},"end":{"line":34,"column":83}},"3":{"start":{"line":40,"column":55},"end":{"line":40,"column":77}},"4":{"start":{"line":60,"column":0},"end":{"line":64,"column":2}},"5":{"start":{"line":66,"column":0},"end":{"line":70,"column":2}}},"fnMap":{"0":{"name":"ProductList","decl":{"start":{"line":5,"column":9},"end":{"line":5,"column":20}},"loc":{"start":{"line":5,"column":62},"end":{"line":58,"column":1}},"line":5},"1":{"name":"(anonymous_1)","decl":{"start":{"line":9,"column":30},"end":{"line":9,"column":31}},"loc":{"start":{"line":9,"column":50},"end":{"line":54,"column":17}},"line":9},"2":{"name":"(anonymous_2)","decl":{"start":{"line":34,"column":50},"end":{"line":34,"column":51}},"loc":{"start":{"line":34,"column":61},"end":{"line":34,"column":83}},"line":34},"3":{"name":"(anonymous_3)","decl":{"start":{"line":40,"column":49},"end":{"line":40,"column":50}},"loc":{"start":{"line":40,"column":55},"end":{"line":40,"column":77}},"line":40},"4":{"name":"(anonymous_4)","decl":{"start":{"line":68,"column":14},"end":{"line":68,"column":15}},"loc":{"start":{"line":68,"column":20},"end":{"line":68,"column":23}},"line":68},"5":{"name":"(anonymous_5)","decl":{"start":{"line":69,"column":21},"end":{"line":69,"column":22}},"loc":{"start":{"line":69,"column":27},"end":{"line":69,"column":30}},"line":69}},"branchMap":{},"s":{"0":13,"1":22,"2":2,"3":2,"4":2,"5":2},"f":{"0":13,"1":22,"2":2,"3":2,"4":1,"5":2},"b":{},"_coverageSchema":"1a1c01bbd47fc00a2c39e90264f33305004495a9","hash":"0eac669de3ac1965cef3d4977fdbd7520517f2fd"}
,"C:\\Users\\SanjuBalakrishnan\\Desktop\\Certificate-Project\\ReactWorkSpace\\ReactJSProject\\src\\client\\containers\\pages\\Cart\\Summary.jsx": {"path":"C:\\Users\\SanjuBalakrishnan\\Desktop\\Certificate-Project\\ReactWorkSpace\\ReactJSProject\\src\\client\\containers\\pages\\Cart\\Summary.jsx","statementMap":{"0":{"start":{"line":12,"column":16},"end":{"line":12,"column":41}},"1":{"start":{"line":13,"column":2},"end":{"line":44,"column":4}},"2":{"start":{"line":47,"column":0},"end":{"line":51,"column":2}},"3":{"start":{"line":53,"column":0},"end":{"line":57,"column":2}}},"fnMap":{"0":{"name":"Summary","decl":{"start":{"line":5,"column":9},"end":{"line":5,"column":16}},"loc":{"start":{"line":11,"column":3},"end":{"line":45,"column":1}},"line":11}},"branchMap":{"0":{"loc":{"start":{"line":26,"column":11},"end":{"line":30,"column":11}},"type":"binary-expr","locations":[{"start":{"line":26,"column":11},"end":{"line":26,"column":23}},{"start":{"line":27,"column":12},"end":{"line":29,"column":17}}],"line":26}},"s":{"0":12,"1":12,"2":1,"3":1},"f":{"0":12},"b":{"0":[12,12]},"_coverageSchema":"1a1c01bbd47fc00a2c39e90264f33305004495a9","hash":"dffdbd0c94f32676a0b7d7f0e64c1c5fce330a90"}
,"C:\\Users\\SanjuBalakrishnan\\Desktop\\Certificate-Project\\ReactWorkSpace\\ReactJSProject\\src\\client\\containers\\pages\\ChoosePage\\ChoosePage.jsx": {"path":"C:\\Users\\SanjuBalakrishnan\\Desktop\\Certificate-Project\\ReactWorkSpace\\ReactJSProject\\src\\client\\containers\\pages\\ChoosePage\\ChoosePage.jsx","statementMap":{"0":{"start":{"line":12,"column":23},"end":{"line":14,"column":5}},"1":{"start":{"line":16,"column":26},"end":{"line":18,"column":5}},"2":{"start":{"line":21,"column":8},"end":{"line":21,"column":44}},"3":{"start":{"line":25,"column":8},"end":{"line":25,"column":21}},"4":{"start":{"line":26,"column":8},"end":{"line":28,"column":10}},"5":{"start":{"line":32,"column":32},"end":{"line":32,"column":42}},"6":{"start":{"line":33,"column":8},"end":{"line":50,"column":9}},"7":{"start":{"line":55,"column":24},"end":{"line":59,"column":1}},"8":{"start":{"line":56,"column":4},"end":{"line":58,"column":6}},"9":{"start":{"line":61,"column":27},"end":{"line":68,"column":2}},"10":{"start":{"line":61,"column":40},"end":{"line":68,"column":1}}},"fnMap":{"0":{"name":"(anonymous_0)","decl":{"start":{"line":20,"column":4},"end":{"line":20,"column":5}},"loc":{"start":{"line":20,"column":24},"end":{"line":22,"column":5}},"line":20},"1":{"name":"(anonymous_1)","decl":{"start":{"line":24,"column":4},"end":{"line":24,"column":5}},"loc":{"start":{"line":24,"column":23},"end":{"line":29,"column":5}},"line":24},"2":{"name":"(anonymous_2)","decl":{"start":{"line":31,"column":4},"end":{"line":31,"column":5}},"loc":{"start":{"line":31,"column":13},"end":{"line":51,"column":5}},"line":31},"3":{"name":"(anonymous_3)","decl":{"start":{"line":55,"column":24},"end":{"line":55,"column":25}},"loc":{"start":{"line":55,"column":33},"end":{"line":59,"column":1}},"line":55},"4":{"name":"(anonymous_4)","decl":{"start":{"line":61,"column":27},"end":{"line":61,"column":28}},"loc":{"start":{"line":61,"column":40},"end":{"line":68,"column":1}},"line":61}},"branchMap":{"0":{"loc":{"start":{"line":36,"column":17},"end":{"line":48,"column":22}},"type":"binary-expr","locations":[{"start":{"line":36,"column":17},"end":{"line":36,"column":44}},{"start":{"line":36,"column":48},"end":{"line":48,"column":22}}],"line":36}},"s":{"0":1,"1":1,"2":2,"3":2,"4":2,"5":3,"6":3,"7":1,"8":1,"9":1,"10":1},"f":{"0":2,"1":2,"2":3,"3":1,"4":1},"b":{"0":[3,2]},"_coverageSchema":"1a1c01bbd47fc00a2c39e90264f33305004495a9","hash":"8c0c0469b9c87a046ffdabef8666ef5a24ebded9"}
,"C:\\Users\\SanjuBalakrishnan\\Desktop\\Certificate-Project\\ReactWorkSpace\\ReactJSProject\\src\\client\\containers\\pages\\ContactMe\\ContactMe.jsx": {"path":"C:\\Users\\SanjuBalakrishnan\\Desktop\\Certificate-Project\\ReactWorkSpace\\ReactJSProject\\src\\client\\containers\\pages\\ContactMe\\ContactMe.jsx","statementMap":{"0":{"start":{"line":14,"column":23},"end":{"line":17,"column":5}},"1":{"start":{"line":19,"column":26},"end":{"line":23,"column":5}},"2":{"start":{"line":26,"column":8},"end":{"line":26,"column":21}},"3":{"start":{"line":27,"column":8},"end":{"line":33,"column":9}},"4":{"start":{"line":37,"column":8},"end":{"line":39,"column":9}},"5":{"start":{"line":38,"column":12},"end":{"line":38,"column":61}},"6":{"start":{"line":43,"column":8},"end":{"line":43,"column":51}},"7":{"start":{"line":47,"column":8},"end":{"line":47,"column":52}},"8":{"start":{"line":51,"column":8},"end":{"line":51,"column":54}},"9":{"start":{"line":55,"column":8},"end":{"line":55,"column":54}},"10":{"start":{"line":59,"column":8},"end":{"line":59,"column":27}},"11":{"start":{"line":75,"column":8},"end":{"line":75,"column":91}},"12":{"start":{"line":79,"column":34},"end":{"line":79,"column":44}},"13":{"start":{"line":80,"column":8},"end":{"line":80,"column":45}},"14":{"start":{"line":81,"column":8},"end":{"line":83,"column":9}},"15":{"start":{"line":82,"column":12},"end":{"line":82,"column":24}},"16":{"start":{"line":84,"column":32},"end":{"line":84,"column":42}},"17":{"start":{"line":85,"column":8},"end":{"line":135,"column":10}},"18":{"start":{"line":139,"column":24},"end":{"line":141,"column":2}},"19":{"start":{"line":139,"column":34},"end":{"line":141,"column":1}},"20":{"start":{"line":143,"column":27},"end":{"line":147,"column":1}},"21":{"start":{"line":144,"column":4},"end":{"line":146,"column":6}}},"fnMap":{"0":{"name":"(anonymous_0)","decl":{"start":{"line":25,"column":4},"end":{"line":25,"column":5}},"loc":{"start":{"line":25,"column":23},"end":{"line":34,"column":5}},"line":25},"1":{"name":"(anonymous_1)","decl":{"start":{"line":36,"column":4},"end":{"line":36,"column":5}},"loc":{"start":{"line":36,"column":24},"end":{"line":40,"column":5}},"line":36},"2":{"name":"(anonymous_2)","decl":{"start":{"line":42,"column":4},"end":{"line":42,"column":5}},"loc":{"start":{"line":42,"column":24},"end":{"line":44,"column":5}},"line":42},"3":{"name":"(anonymous_3)","decl":{"start":{"line":46,"column":4},"end":{"line":46,"column":5}},"loc":{"start":{"line":46,"column":25},"end":{"line":48,"column":5}},"line":46},"4":{"name":"(anonymous_4)","decl":{"start":{"line":50,"column":4},"end":{"line":50,"column":5}},"loc":{"start":{"line":50,"column":27},"end":{"line":52,"column":5}},"line":50},"5":{"name":"(anonymous_5)","decl":{"start":{"line":54,"column":4},"end":{"line":54,"column":5}},"loc":{"start":{"line":54,"column":23},"end":{"line":56,"column":5}},"line":54},"6":{"name":"(anonymous_6)","decl":{"start":{"line":58,"column":4},"end":{"line":58,"column":5}},"loc":{"start":{"line":58,"column":19},"end":{"line":72,"column":5}},"line":58},"7":{"name":"(anonymous_7)","decl":{"start":{"line":74,"column":4},"end":{"line":74,"column":5}},"loc":{"start":{"line":74,"column":16},"end":{"line":76,"column":5}},"line":74},"8":{"name":"(anonymous_8)","decl":{"start":{"line":78,"column":4},"end":{"line":78,"column":5}},"loc":{"start":{"line":78,"column":13},"end":{"line":136,"column":5}},"line":78},"9":{"name":"(anonymous_9)","decl":{"start":{"line":139,"column":24},"end":{"line":139,"column":25}},"loc":{"start":{"line":139,"column":34},"end":{"line":141,"column":1}},"line":139},"10":{"name":"(anonymous_10)","decl":{"start":{"line":143,"column":27},"end":{"line":143,"column":28}},"loc":{"start":{"line":143,"column":39},"end":{"line":147,"column":1}},"line":143}},"branchMap":{"0":{"loc":{"start":{"line":37,"column":8},"end":{"line":39,"column":9}},"type":"if","locations":[{"start":{"line":37,"column":8},"end":{"line":39,"column":9}},{"start":{"line":37,"column":8},"end":{"line":39,"column":9}}],"line":37},"1":{"loc":{"start":{"line":81,"column":8},"end":{"line":83,"column":9}},"type":"if","locations":[{"start":{"line":81,"column":8},"end":{"line":83,"column":9}},{"start":{"line":81,"column":8},"end":{"line":83,"column":9}}],"line":81},"2":{"loc":{"start":{"line":96,"column":41},"end":{"line":125,"column":47}},"type":"binary-expr","locations":[{"start":{"line":96,"column":41},"end":{"line":96,"column":53}},{"start":{"line":96,"column":57},"end":{"line":125,"column":47}}],"line":96},"3":{"loc":{"start":{"line":126,"column":41},"end":{"line":126,"column":88}},"type":"binary-expr","locations":[{"start":{"line":126,"column":41},"end":{"line":126,"column":52}},{"start":{"line":126,"column":56},"end":{"line":126,"column":88}}],"line":126},"4":{"loc":{"start":{"line":140,"column":13},"end":{"line":140,"column":53}},"type":"binary-expr","locations":[{"start":{"line":140,"column":13},"end":{"line":140,"column":47}},{"start":{"line":140,"column":51},"end":{"line":140,"column":53}}],"line":140}},"s":{"0":1,"1":1,"2":5,"3":5,"4":5,"5":5,"6":1,"7":1,"8":2,"9":1,"10":1,"11":0,"12":13,"13":13,"14":13,"15":10,"16":3,"17":3,"18":1,"19":3,"20":1,"21":3},"f":{"0":5,"1":5,"2":1,"3":1,"4":2,"5":1,"6":1,"7":0,"8":13,"9":3,"10":3},"b":{"0":[5,0],"1":[10,3],"2":[3,3],"3":[3,0],"4":[3,3]},"_coverageSchema":"1a1c01bbd47fc00a2c39e90264f33305004495a9","hash":"87ec5543b61f48b3f73474ee3f41d9ee81f14839"}
,"C:\\Users\\SanjuBalakrishnan\\Desktop\\Certificate-Project\\ReactWorkSpace\\ReactJSProject\\src\\client\\containers\\pages\\HomePage\\HomePage.jsx": {"path":"C:\\Users\\SanjuBalakrishnan\\Desktop\\Certificate-Project\\ReactWorkSpace\\ReactJSProject\\src\\client\\containers\\pages\\HomePage\\HomePage.jsx","statementMap":{"0":{"start":{"line":12,"column":23},"end":{"line":14,"column":5}},"1":{"start":{"line":16,"column":26},"end":{"line":18,"column":5}},"2":{"start":{"line":21,"column":8},"end":{"line":21,"column":44}},"3":{"start":{"line":25,"column":32},"end":{"line":25,"column":42}},"4":{"start":{"line":26,"column":8},"end":{"line":42,"column":9}},"5":{"start":{"line":46,"column":24},"end":{"line":50,"column":1}},"6":{"start":{"line":47,"column":4},"end":{"line":49,"column":6}},"7":{"start":{"line":52,"column":27},"end":{"line":59,"column":2}},"8":{"start":{"line":52,"column":40},"end":{"line":59,"column":1}}},"fnMap":{"0":{"name":"(anonymous_0)","decl":{"start":{"line":20,"column":4},"end":{"line":20,"column":5}},"loc":{"start":{"line":20,"column":24},"end":{"line":22,"column":5}},"line":20},"1":{"name":"(anonymous_1)","decl":{"start":{"line":24,"column":4},"end":{"line":24,"column":5}},"loc":{"start":{"line":24,"column":13},"end":{"line":43,"column":5}},"line":24},"2":{"name":"(anonymous_2)","decl":{"start":{"line":46,"column":24},"end":{"line":46,"column":25}},"loc":{"start":{"line":46,"column":33},"end":{"line":50,"column":1}},"line":46},"3":{"name":"(anonymous_3)","decl":{"start":{"line":52,"column":27},"end":{"line":52,"column":28}},"loc":{"start":{"line":52,"column":40},"end":{"line":59,"column":1}},"line":52}},"branchMap":{"0":{"loc":{"start":{"line":29,"column":17},"end":{"line":40,"column":22}},"type":"binary-expr","locations":[{"start":{"line":29,"column":17},"end":{"line":29,"column":44}},{"start":{"line":29,"column":48},"end":{"line":40,"column":22}}],"line":29}},"s":{"0":1,"1":1,"2":2,"3":3,"4":3,"5":1,"6":1,"7":1,"8":1},"f":{"0":2,"1":3,"2":1,"3":1},"b":{"0":[3,2]},"_coverageSchema":"1a1c01bbd47fc00a2c39e90264f33305004495a9","hash":"0dd2089363b01b85607987035a844db6a9671648"}
,"C:\\Users\\SanjuBalakrishnan\\Desktop\\Certificate-Project\\ReactWorkSpace\\ReactJSProject\\src\\client\\containers\\pages\\LoginPage\\LoginPage.jsx": {"path":"C:\\Users\\SanjuBalakrishnan\\Desktop\\Certificate-Project\\ReactWorkSpace\\ReactJSProject\\src\\client\\containers\\pages\\LoginPage\\LoginPage.jsx","statementMap":{"0":{"start":{"line":13,"column":23},"end":{"line":16,"column":5}},"1":{"start":{"line":18,"column":26},"end":{"line":21,"column":5}},"2":{"start":{"line":24,"column":8},"end":{"line":24,"column":21}},"3":{"start":{"line":25,"column":8},"end":{"line":31,"column":9}},"4":{"start":{"line":35,"column":8},"end":{"line":35,"column":44}},"5":{"start":{"line":38,"column":19},"end":{"line":82,"column":5}},"6":{"start":{"line":39,"column":33},"end":{"line":39,"column":43}},"7":{"start":{"line":40,"column":8},"end":{"line":40,"column":27}},"8":{"start":{"line":42,"column":8},"end":{"line":81,"column":9}},"9":{"start":{"line":43,"column":12},"end":{"line":47,"column":15}},"10":{"start":{"line":48,"column":15},"end":{"line":81,"column":9}},"11":{"start":{"line":49,"column":12},"end":{"line":53,"column":14}},"12":{"start":{"line":54,"column":15},"end":{"line":81,"column":9}},"13":{"start":{"line":55,"column":12},"end":{"line":60,"column":14}},"14":{"start":{"line":61,"column":15},"end":{"line":81,"column":9}},"15":{"start":{"line":62,"column":12},"end":{"line":67,"column":15}},"16":{"start":{"line":68,"column":12},"end":{"line":68,"column":37}},"17":{"start":{"line":69,"column":12},"end":{"line":69,"column":41}},"18":{"start":{"line":75,"column":12},"end":{"line":80,"column":15}},"19":{"start":{"line":85,"column":70},"end":{"line":85,"column":80}},"20":{"start":{"line":86,"column":8},"end":{"line":118,"column":10}},"21":{"start":{"line":122,"column":24},"end":{"line":126,"column":1}},"22":{"start":{"line":123,"column":4},"end":{"line":125,"column":6}},"23":{"start":{"line":128,"column":27},"end":{"line":135,"column":2}},"24":{"start":{"line":128,"column":40},"end":{"line":135,"column":1}}},"fnMap":{"0":{"name":"(anonymous_0)","decl":{"start":{"line":23,"column":4},"end":{"line":23,"column":5}},"loc":{"start":{"line":23,"column":23},"end":{"line":32,"column":5}},"line":23},"1":{"name":"(anonymous_1)","decl":{"start":{"line":34,"column":4},"end":{"line":34,"column":5}},"loc":{"start":{"line":34,"column":24},"end":{"line":36,"column":5}},"line":34},"2":{"name":"(anonymous_2)","decl":{"start":{"line":38,"column":19},"end":{"line":38,"column":20}},"loc":{"start":{"line":38,"column":24},"end":{"line":82,"column":5}},"line":38},"3":{"name":"(anonymous_3)","decl":{"start":{"line":84,"column":4},"end":{"line":84,"column":5}},"loc":{"start":{"line":84,"column":13},"end":{"line":119,"column":5}},"line":84},"4":{"name":"(anonymous_4)","decl":{"start":{"line":122,"column":24},"end":{"line":122,"column":25}},"loc":{"start":{"line":122,"column":33},"end":{"line":126,"column":1}},"line":122},"5":{"name":"(anonymous_5)","decl":{"start":{"line":128,"column":27},"end":{"line":128,"column":28}},"loc":{"start":{"line":128,"column":40},"end":{"line":135,"column":1}},"line":128}},"branchMap":{"0":{"loc":{"start":{"line":42,"column":8},"end":{"line":81,"column":9}},"type":"if","locations":[{"start":{"line":42,"column":8},"end":{"line":81,"column":9}},{"start":{"line":42,"column":8},"end":{"line":81,"column":9}}],"line":42},"1":{"loc":{"start":{"line":42,"column":12},"end":{"line":42,"column":59}},"type":"binary-expr","locations":[{"start":{"line":42,"column":12},"end":{"line":42,"column":32}},{"start":{"line":42,"column":36},"end":{"line":42,"column":59}}],"line":42},"2":{"loc":{"start":{"line":48,"column":15},"end":{"line":81,"column":9}},"type":"if","locations":[{"start":{"line":48,"column":15},"end":{"line":81,"column":9}},{"start":{"line":48,"column":15},"end":{"line":81,"column":9}}],"line":48},"3":{"loc":{"start":{"line":54,"column":15},"end":{"line":81,"column":9}},"type":"if","locations":[{"start":{"line":54,"column":15},"end":{"line":81,"column":9}},{"start":{"line":54,"column":15},"end":{"line":81,"column":9}}],"line":54},"4":{"loc":{"start":{"line":61,"column":15},"end":{"line":81,"column":9}},"type":"if","locations":[{"start":{"line":61,"column":15},"end":{"line":81,"column":9}},{"start":{"line":61,"column":15},"end":{"line":81,"column":9}}],"line":61},"5":{"loc":{"start":{"line":61,"column":19},"end":{"line":61,"column":123}},"type":"binary-expr","locations":[{"start":{"line":61,"column":19},"end":{"line":61,"column":65}},{"start":{"line":61,"column":69},"end":{"line":61,"column":123}}],"line":61},"6":{"loc":{"start":{"line":95,"column":29},"end":{"line":99,"column":29}},"type":"binary-expr","locations":[{"start":{"line":95,"column":29},"end":{"line":95,"column":38}},{"start":{"line":96,"column":32},"end":{"line":98,"column":40}}],"line":95},"7":{"loc":{"start":{"line":104,"column":29},"end":{"line":108,"column":29}},"type":"binary-expr","locations":[{"start":{"line":104,"column":29},"end":{"line":104,"column":37}},{"start":{"line":105,"column":32},"end":{"line":107,"column":40}}],"line":104},"8":{"loc":{"start":{"line":112,"column":25},"end":{"line":112,"column":89}},"type":"binary-expr","locations":[{"start":{"line":112,"column":25},"end":{"line":112,"column":36}},{"start":{"line":112,"column":40},"end":{"line":112,"column":89}}],"line":112},"9":{"loc":{"start":{"line":114,"column":25},"end":{"line":114,"column":91}},"type":"binary-expr","locations":[{"start":{"line":114,"column":25},"end":{"line":114,"column":34}},{"start":{"line":114,"column":38},"end":{"line":114,"column":91}}],"line":114}},"s":{"0":1,"1":1,"2":11,"3":11,"4":11,"5":11,"6":5,"7":5,"8":5,"9":1,"10":4,"11":0,"12":4,"13":1,"14":3,"15":1,"16":1,"17":1,"18":2,"19":19,"20":19,"21":1,"22":8,"23":1,"24":8},"f":{"0":11,"1":11,"2":5,"3":19,"4":8,"5":8},"b":{"0":[1,4],"1":[5,1],"2":[0,4],"3":[1,3],"4":[1,2],"5":[3,1],"6":[19,3],"7":[19,3],"8":[19,4],"9":[19,5]},"_coverageSchema":"1a1c01bbd47fc00a2c39e90264f33305004495a9","hash":"69b95346d376f15f2b04b00178e7d91d25c76529"}
,"C:\\Users\\SanjuBalakrishnan\\Desktop\\Certificate-Project\\ReactWorkSpace\\ReactJSProject\\src\\client\\reducers\\ContactInfoReducer.js": {"path":"C:\\Users\\SanjuBalakrishnan\\Desktop\\Certificate-Project\\ReactWorkSpace\\ReactJSProject\\src\\client\\reducers\\ContactInfoReducer.js","statementMap":{"0":{"start":{"line":7,"column":4},"end":{"line":24,"column":5}},"1":{"start":{"line":9,"column":28},"end":{"line":9,"column":47}},"2":{"start":{"line":10,"column":12},"end":{"line":10,"column":39}},"3":{"start":{"line":11,"column":12},"end":{"line":13,"column":14}},"4":{"start":{"line":17,"column":12},"end":{"line":20,"column":14}},"5":{"start":{"line":23,"column":12},"end":{"line":23,"column":25}}},"fnMap":{"0":{"name":"ContactInfoReducer","decl":{"start":{"line":6,"column":24},"end":{"line":6,"column":42}},"loc":{"start":{"line":6,"column":91},"end":{"line":25,"column":1}},"line":6}},"branchMap":{"0":{"loc":{"start":{"line":6,"column":43},"end":{"line":6,"column":76}},"type":"default-arg","locations":[{"start":{"line":6,"column":51},"end":{"line":6,"column":76}}],"line":6},"1":{"loc":{"start":{"line":6,"column":78},"end":{"line":6,"column":89}},"type":"default-arg","locations":[{"start":{"line":6,"column":87},"end":{"line":6,"column":89}}],"line":6},"2":{"loc":{"start":{"line":7,"column":4},"end":{"line":24,"column":5}},"type":"switch","locations":[{"start":{"line":8,"column":8},"end":{"line":14,"column":9}},{"start":{"line":16,"column":8},"end":{"line":21,"column":9}},{"start":{"line":22,"column":8},"end":{"line":23,"column":25}}],"line":7}},"s":{"0":3,"1":1,"2":1,"3":1,"4":1,"5":1},"f":{"0":3},"b":{"0":[1],"1":[1],"2":[1,1,1]},"_coverageSchema":"1a1c01bbd47fc00a2c39e90264f33305004495a9","hash":"08ca425e3f11b816e09463b5a95d1861426d6bed"}
,"C:\\Users\\SanjuBalakrishnan\\Desktop\\Certificate-Project\\ReactWorkSpace\\ReactJSProject\\src\\client\\reducers\\LoaderReducer.js": {"path":"C:\\Users\\SanjuBalakrishnan\\Desktop\\Certificate-Project\\ReactWorkSpace\\ReactJSProject\\src\\client\\reducers\\LoaderReducer.js","statementMap":{"0":{"start":{"line":4,"column":4},"end":{"line":11,"column":5}},"1":{"start":{"line":6,"column":12},"end":{"line":6,"column":24}},"2":{"start":{"line":8,"column":12},"end":{"line":8,"column":25}},"3":{"start":{"line":10,"column":12},"end":{"line":10,"column":25}}},"fnMap":{"0":{"name":"LoaderReducer","decl":{"start":{"line":3,"column":24},"end":{"line":3,"column":37}},"loc":{"start":{"line":3,"column":61},"end":{"line":12,"column":1}},"line":3}},"branchMap":{"0":{"loc":{"start":{"line":3,"column":38},"end":{"line":3,"column":51}},"type":"default-arg","locations":[{"start":{"line":3,"column":46},"end":{"line":3,"column":51}}],"line":3},"1":{"loc":{"start":{"line":4,"column":4},"end":{"line":11,"column":5}},"type":"switch","locations":[{"start":{"line":5,"column":8},"end":{"line":6,"column":24}},{"start":{"line":7,"column":8},"end":{"line":8,"column":25}},{"start":{"line":9,"column":8},"end":{"line":10,"column":25}}],"line":4}},"s":{"0":3,"1":1,"2":1,"3":1},"f":{"0":3},"b":{"0":[1],"1":[1,1,1]},"_coverageSchema":"1a1c01bbd47fc00a2c39e90264f33305004495a9","hash":"0eb59f9be880e08f1f6a02e7901060efe5a99f12"}
,"C:\\Users\\SanjuBalakrishnan\\Desktop\\Certificate-Project\\ReactWorkSpace\\ReactJSProject\\src\\client\\reducers\\LoginReducer.js": {"path":"C:\\Users\\SanjuBalakrishnan\\Desktop\\Certificate-Project\\ReactWorkSpace\\ReactJSProject\\src\\client\\reducers\\LoginReducer.js","statementMap":{"0":{"start":{"line":7,"column":21},"end":{"line":9,"column":1}},"1":{"start":{"line":12,"column":4},"end":{"line":26,"column":5}},"2":{"start":{"line":14,"column":12},"end":{"line":18,"column":14}},"3":{"start":{"line":20,"column":12},"end":{"line":23,"column":14}},"4":{"start":{"line":25,"column":12},"end":{"line":25,"column":25}}},"fnMap":{"0":{"name":"LoginReducer","decl":{"start":{"line":11,"column":24},"end":{"line":11,"column":36}},"loc":{"start":{"line":11,"column":72},"end":{"line":27,"column":1}},"line":11}},"branchMap":{"0":{"loc":{"start":{"line":11,"column":37},"end":{"line":11,"column":57}},"type":"default-arg","locations":[{"start":{"line":11,"column":45},"end":{"line":11,"column":57}}],"line":11},"1":{"loc":{"start":{"line":11,"column":59},"end":{"line":11,"column":70}},"type":"default-arg","locations":[{"start":{"line":11,"column":68},"end":{"line":11,"column":70}}],"line":11},"2":{"loc":{"start":{"line":12,"column":4},"end":{"line":26,"column":5}},"type":"switch","locations":[{"start":{"line":13,"column":8},"end":{"line":18,"column":14}},{"start":{"line":19,"column":8},"end":{"line":23,"column":14}},{"start":{"line":24,"column":8},"end":{"line":25,"column":25}}],"line":12}},"s":{"0":1,"1":3,"2":1,"3":1,"4":1},"f":{"0":3},"b":{"0":[1],"1":[1],"2":[1,1,1]},"_coverageSchema":"1a1c01bbd47fc00a2c39e90264f33305004495a9","hash":"7fd5d02cd48ff49e36008463a9750e93895d3507"}
,"C:\\Users\\SanjuBalakrishnan\\Desktop\\Certificate-Project\\ReactWorkSpace\\ReactJSProject\\src\\client\\reducers\\PageContentReducer.js": {"path":"C:\\Users\\SanjuBalakrishnan\\Desktop\\Certificate-Project\\ReactWorkSpace\\ReactJSProject\\src\\client\\reducers\\PageContentReducer.js","statementMap":{"0":{"start":{"line":7,"column":21},"end":{"line":9,"column":1}},"1":{"start":{"line":12,"column":4},"end":{"line":26,"column":5}},"2":{"start":{"line":14,"column":12},"end":{"line":18,"column":14}},"3":{"start":{"line":20,"column":12},"end":{"line":23,"column":14}},"4":{"start":{"line":25,"column":12},"end":{"line":25,"column":25}}},"fnMap":{"0":{"name":"PageReducer","decl":{"start":{"line":11,"column":24},"end":{"line":11,"column":35}},"loc":{"start":{"line":11,"column":71},"end":{"line":27,"column":1}},"line":11}},"branchMap":{"0":{"loc":{"start":{"line":11,"column":36},"end":{"line":11,"column":56}},"type":"default-arg","locations":[{"start":{"line":11,"column":44},"end":{"line":11,"column":56}}],"line":11},"1":{"loc":{"start":{"line":11,"column":58},"end":{"line":11,"column":69}},"type":"default-arg","locations":[{"start":{"line":11,"column":67},"end":{"line":11,"column":69}}],"line":11},"2":{"loc":{"start":{"line":12,"column":4},"end":{"line":26,"column":5}},"type":"switch","locations":[{"start":{"line":13,"column":8},"end":{"line":18,"column":14}},{"start":{"line":19,"column":8},"end":{"line":23,"column":14}},{"start":{"line":24,"column":8},"end":{"line":25,"column":25}}],"line":12}},"s":{"0":1,"1":3,"2":1,"3":1,"4":1},"f":{"0":3},"b":{"0":[1],"1":[1],"2":[1,1,1]},"_coverageSchema":"1a1c01bbd47fc00a2c39e90264f33305004495a9","hash":"5968cf06ca53895e5b552c8af4f36c80aee31baf"}
,"C:\\Users\\SanjuBalakrishnan\\Desktop\\Certificate-Project\\ReactWorkSpace\\ReactJSProject\\src\\client\\reducers\\UserInfoReducer.js": {"path":"C:\\Users\\SanjuBalakrishnan\\Desktop\\Certificate-Project\\ReactWorkSpace\\ReactJSProject\\src\\client\\reducers\\UserInfoReducer.js","statementMap":{"0":{"start":{"line":4,"column":4},"end":{"line":15,"column":5}},"1":{"start":{"line":6,"column":12},"end":{"line":8,"column":14}},"2":{"start":{"line":10,"column":12},"end":{"line":12,"column":14}},"3":{"start":{"line":14,"column":12},"end":{"line":14,"column":25}}},"fnMap":{"0":{"name":"UserInfoReducer","decl":{"start":{"line":3,"column":24},"end":{"line":3,"column":39}},"loc":{"start":{"line":3,"column":65},"end":{"line":16,"column":1}},"line":3}},"branchMap":{"0":{"loc":{"start":{"line":3,"column":40},"end":{"line":3,"column":50}},"type":"default-arg","locations":[{"start":{"line":3,"column":48},"end":{"line":3,"column":50}}],"line":3},"1":{"loc":{"start":{"line":3,"column":52},"end":{"line":3,"column":63}},"type":"default-arg","locations":[{"start":{"line":3,"column":61},"end":{"line":3,"column":63}}],"line":3},"2":{"loc":{"start":{"line":4,"column":4},"end":{"line":15,"column":5}},"type":"switch","locations":[{"start":{"line":5,"column":8},"end":{"line":8,"column":14}},{"start":{"line":9,"column":8},"end":{"line":12,"column":14}},{"start":{"line":13,"column":8},"end":{"line":14,"column":25}}],"line":4}},"s":{"0":4,"1":1,"2":1,"3":2},"f":{"0":4},"b":{"0":[2],"1":[1],"2":[1,1,2]},"_coverageSchema":"1a1c01bbd47fc00a2c39e90264f33305004495a9","hash":"b94c05757cbd2761bab7ab98290c049a4793b48e"}
}
