{"C:\\Users\\SanjuBalakrishnan\\Desktop\\Certificate-Project\\simple-react-full-stack\\src\\client\\App.js": {"path":"C:\\Users\\SanjuBalakrishnan\\Desktop\\Certificate-Project\\simple-react-full-stack\\src\\client\\App.js","statementMap":{"0":{"start":{"line":6,"column":10},"end":{"line":6,"column":28}},"1":{"start":{"line":9,"column":4},"end":{"line":11,"column":64}},"2":{"start":{"line":10,"column":19},"end":{"line":10,"column":29}},"3":{"start":{"line":11,"column":20},"end":{"line":11,"column":62}},"4":{"start":{"line":15,"column":25},"end":{"line":15,"column":35}},"5":{"start":{"line":16,"column":4},"end":{"line":21,"column":6}}},"fnMap":{"0":{"name":"(anonymous_0)","decl":{"start":{"line":8,"column":2},"end":{"line":8,"column":3}},"loc":{"start":{"line":8,"column":22},"end":{"line":12,"column":3}},"line":8},"1":{"name":"(anonymous_1)","decl":{"start":{"line":10,"column":12},"end":{"line":10,"column":13}},"loc":{"start":{"line":10,"column":19},"end":{"line":10,"column":29}},"line":10},"2":{"name":"(anonymous_2)","decl":{"start":{"line":11,"column":12},"end":{"line":11,"column":13}},"loc":{"start":{"line":11,"column":20},"end":{"line":11,"column":62}},"line":11},"3":{"name":"(anonymous_3)","decl":{"start":{"line":14,"column":2},"end":{"line":14,"column":3}},"loc":{"start":{"line":14,"column":11},"end":{"line":22,"column":3}},"line":14}},"branchMap":{"0":{"loc":{"start":{"line":18,"column":9},"end":{"line":18,"column":84}},"type":"cond-expr","locations":[{"start":{"line":18,"column":20},"end":{"line":18,"column":50}},{"start":{"line":18,"column":53},"end":{"line":18,"column":84}}],"line":18}},"s":{"0":0,"1":0,"2":0,"3":0,"4":0,"5":0},"f":{"0":0,"1":0,"2":0,"3":0},"b":{"0":[0,0]}}
,"C:\\Users\\SanjuBalakrishnan\\Desktop\\Certificate-Project\\simple-react-full-stack\\src\\client\\actions\\LoaderAction.js": {"path":"C:\\Users\\SanjuBalakrishnan\\Desktop\\Certificate-Project\\simple-react-full-stack\\src\\client\\actions\\LoaderAction.js","statementMap":{"0":{"start":{"line":3,"column":26},"end":{"line":5,"column":2}},"1":{"start":{"line":3,"column":33},"end":{"line":5,"column":1}},"2":{"start":{"line":7,"column":28},"end":{"line":9,"column":2}},"3":{"start":{"line":7,"column":35},"end":{"line":9,"column":1}}},"fnMap":{"0":{"name":"(anonymous_0)","decl":{"start":{"line":3,"column":26},"end":{"line":3,"column":27}},"loc":{"start":{"line":3,"column":33},"end":{"line":5,"column":1}},"line":3},"1":{"name":"(anonymous_1)","decl":{"start":{"line":7,"column":28},"end":{"line":7,"column":29}},"loc":{"start":{"line":7,"column":35},"end":{"line":9,"column":1}},"line":7}},"branchMap":{},"s":{"0":1,"1":1,"2":1,"3":1},"f":{"0":1,"1":1},"b":{},"_coverageSchema":"1a1c01bbd47fc00a2c39e90264f33305004495a9","hash":"8fee2b62bc8155366b0fbe0c64117b9ee4f4f7d6"}
,"C:\\Users\\SanjuBalakrishnan\\Desktop\\Certificate-Project\\simple-react-full-stack\\src\\client\\actions\\UserInfoAction.js": {"path":"C:\\Users\\SanjuBalakrishnan\\Desktop\\Certificate-Project\\simple-react-full-stack\\src\\client\\actions\\UserInfoAction.js","statementMap":{"0":{"start":{"line":3,"column":23},"end":{"line":6,"column":2}},"1":{"start":{"line":3,"column":35},"end":{"line":6,"column":1}}},"fnMap":{"0":{"name":"(anonymous_0)","decl":{"start":{"line":3,"column":23},"end":{"line":3,"column":24}},"loc":{"start":{"line":3,"column":35},"end":{"line":6,"column":1}},"line":3}},"branchMap":{},"s":{"0":1,"1":1},"f":{"0":1},"b":{},"_coverageSchema":"1a1c01bbd47fc00a2c39e90264f33305004495a9","hash":"dbea21ee655d949c0327c77b1570e8f81a075480"}
,"C:\\Users\\SanjuBalakrishnan\\Desktop\\Certificate-Project\\simple-react-full-stack\\src\\client\\components\\Loader\\Loader.jsx": {"path":"C:\\Users\\SanjuBalakrishnan\\Desktop\\Certificate-Project\\simple-react-full-stack\\src\\client\\components\\Loader\\Loader.jsx","statementMap":{"0":{"start":{"line":7,"column":11},"end":{"line":7,"column":34}},"1":{"start":{"line":10,"column":23},"end":{"line":17,"column":5}},"2":{"start":{"line":19,"column":26},"end":{"line":26,"column":5}},"3":{"start":{"line":29,"column":8},"end":{"line":29,"column":60}},"4":{"start":{"line":33,"column":74},"end":{"line":33,"column":84}},"5":{"start":{"line":35,"column":8},"end":{"line":52,"column":10}},"6":{"start":{"line":56,"column":24},"end":{"line":58,"column":2}},"7":{"start":{"line":56,"column":34},"end":{"line":58,"column":1}}},"fnMap":{"0":{"name":"(anonymous_0)","decl":{"start":{"line":28,"column":4},"end":{"line":28,"column":5}},"loc":{"start":{"line":28,"column":37},"end":{"line":30,"column":5}},"line":28},"1":{"name":"(anonymous_1)","decl":{"start":{"line":32,"column":4},"end":{"line":32,"column":5}},"loc":{"start":{"line":32,"column":13},"end":{"line":53,"column":5}},"line":32},"2":{"name":"(anonymous_2)","decl":{"start":{"line":56,"column":24},"end":{"line":56,"column":25}},"loc":{"start":{"line":56,"column":34},"end":{"line":58,"column":1}},"line":56}},"branchMap":{"0":{"loc":{"start":{"line":37,"column":17},"end":{"line":43,"column":17}},"type":"binary-expr","locations":[{"start":{"line":37,"column":17},"end":{"line":37,"column":37}},{"start":{"line":37,"column":41},"end":{"line":37,"column":60}},{"start":{"line":38,"column":20},"end":{"line":42,"column":26}}],"line":37},"1":{"loc":{"start":{"line":38,"column":62},"end":{"line":38,"column":96}},"type":"binary-expr","locations":[{"start":{"line":38,"column":62},"end":{"line":38,"column":76}},{"start":{"line":38,"column":80},"end":{"line":38,"column":96}}],"line":38},"2":{"loc":{"start":{"line":44,"column":17},"end":{"line":50,"column":17}},"type":"binary-expr","locations":[{"start":{"line":44,"column":17},"end":{"line":44,"column":35}},{"start":{"line":44,"column":39},"end":{"line":44,"column":60}},{"start":{"line":45,"column":20},"end":{"line":49,"column":26}}],"line":44}},"s":{"0":0,"1":0,"2":0,"3":0,"4":0,"5":0,"6":0,"7":0},"f":{"0":0,"1":0,"2":0},"b":{"0":[0,0,0],"1":[0,0],"2":[0,0,0]}}
,"C:\\Users\\SanjuBalakrishnan\\Desktop\\Certificate-Project\\simple-react-full-stack\\src\\client\\containers\\pages\\LoginPage\\LoginPage.jsx": {"path":"C:\\Users\\SanjuBalakrishnan\\Desktop\\Certificate-Project\\simple-react-full-stack\\src\\client\\containers\\pages\\LoginPage\\LoginPage.jsx","statementMap":{"0":{"start":{"line":10,"column":11},"end":{"line":10,"column":34}},"1":{"start":{"line":12,"column":23},"end":{"line":17,"column":5}},"2":{"start":{"line":19,"column":26},"end":{"line":24,"column":5}},"3":{"start":{"line":31,"column":19},"end":{"line":51,"column":5}},"4":{"start":{"line":32,"column":8},"end":{"line":32,"column":27}},"5":{"start":{"line":33,"column":8},"end":{"line":33,"column":41}},"6":{"start":{"line":35,"column":8},"end":{"line":50,"column":9}},"7":{"start":{"line":36,"column":12},"end":{"line":36,"column":38}},"8":{"start":{"line":37,"column":15},"end":{"line":50,"column":9}},"9":{"start":{"line":38,"column":12},"end":{"line":38,"column":44}},"10":{"start":{"line":39,"column":15},"end":{"line":50,"column":9}},"11":{"start":{"line":40,"column":12},"end":{"line":40,"column":42}},"12":{"start":{"line":41,"column":15},"end":{"line":50,"column":9}},"13":{"start":{"line":45,"column":12},"end":{"line":45,"column":44}},"14":{"start":{"line":46,"column":12},"end":{"line":46,"column":37}},"15":{"start":{"line":47,"column":12},"end":{"line":47,"column":41}},"16":{"start":{"line":49,"column":12},"end":{"line":49,"column":56}},"17":{"start":{"line":53,"column":18},"end":{"line":56,"column":5}},"18":{"start":{"line":54,"column":8},"end":{"line":54,"column":27}},"19":{"start":{"line":55,"column":8},"end":{"line":55,"column":43}},"20":{"start":{"line":59,"column":8},"end":{"line":78,"column":10}},"21":{"start":{"line":82,"column":24},"end":{"line":88,"column":1}},"22":{"start":{"line":83,"column":4},"end":{"line":87,"column":6}},"23":{"start":{"line":90,"column":27},"end":{"line":98,"column":2}},"24":{"start":{"line":90,"column":40},"end":{"line":98,"column":1}}},"fnMap":{"0":{"name":"(anonymous_0)","decl":{"start":{"line":31,"column":19},"end":{"line":31,"column":20}},"loc":{"start":{"line":31,"column":24},"end":{"line":51,"column":5}},"line":31},"1":{"name":"(anonymous_1)","decl":{"start":{"line":53,"column":18},"end":{"line":53,"column":19}},"loc":{"start":{"line":53,"column":23},"end":{"line":56,"column":5}},"line":53},"2":{"name":"(anonymous_2)","decl":{"start":{"line":58,"column":4},"end":{"line":58,"column":5}},"loc":{"start":{"line":58,"column":13},"end":{"line":79,"column":5}},"line":58},"3":{"name":"(anonymous_3)","decl":{"start":{"line":82,"column":24},"end":{"line":82,"column":25}},"loc":{"start":{"line":82,"column":33},"end":{"line":88,"column":1}},"line":82},"4":{"name":"(anonymous_4)","decl":{"start":{"line":90,"column":27},"end":{"line":90,"column":28}},"loc":{"start":{"line":90,"column":40},"end":{"line":98,"column":1}},"line":90}},"branchMap":{"0":{"loc":{"start":{"line":35,"column":8},"end":{"line":50,"column":9}},"type":"if","locations":[{"start":{"line":35,"column":8},"end":{"line":50,"column":9}},{"start":{"line":35,"column":8},"end":{"line":50,"column":9}}],"line":35},"1":{"loc":{"start":{"line":37,"column":15},"end":{"line":50,"column":9}},"type":"if","locations":[{"start":{"line":37,"column":15},"end":{"line":50,"column":9}},{"start":{"line":37,"column":15},"end":{"line":50,"column":9}}],"line":37},"2":{"loc":{"start":{"line":39,"column":15},"end":{"line":50,"column":9}},"type":"if","locations":[{"start":{"line":39,"column":15},"end":{"line":50,"column":9}},{"start":{"line":39,"column":15},"end":{"line":50,"column":9}}],"line":39},"3":{"loc":{"start":{"line":41,"column":15},"end":{"line":50,"column":9}},"type":"if","locations":[{"start":{"line":41,"column":15},"end":{"line":50,"column":9}},{"start":{"line":41,"column":15},"end":{"line":50,"column":9}}],"line":41},"4":{"loc":{"start":{"line":42,"column":12},"end":{"line":43,"column":50}},"type":"binary-expr","locations":[{"start":{"line":42,"column":12},"end":{"line":42,"column":42}},{"start":{"line":43,"column":12},"end":{"line":43,"column":50}}],"line":42}},"s":{"0":0,"1":0,"2":0,"3":0,"4":0,"5":0,"6":0,"7":0,"8":0,"9":0,"10":0,"11":0,"12":0,"13":0,"14":0,"15":0,"16":0,"17":0,"18":0,"19":0,"20":0,"21":0,"22":0,"23":0,"24":0},"f":{"0":0,"1":0,"2":0,"3":0,"4":0},"b":{"0":[0,0],"1":[0,0],"2":[0,0],"3":[0,0],"4":[0,0]}}
,"C:\\Users\\SanjuBalakrishnan\\Desktop\\Certificate-Project\\simple-react-full-stack\\src\\client\\reducers\\LoaderReducer.js": {"path":"C:\\Users\\SanjuBalakrishnan\\Desktop\\Certificate-Project\\simple-react-full-stack\\src\\client\\reducers\\LoaderReducer.js","statementMap":{"0":{"start":{"line":4,"column":4},"end":{"line":11,"column":5}},"1":{"start":{"line":6,"column":12},"end":{"line":6,"column":24}},"2":{"start":{"line":8,"column":12},"end":{"line":8,"column":25}},"3":{"start":{"line":10,"column":12},"end":{"line":10,"column":25}}},"fnMap":{"0":{"name":"LoaderReducer","decl":{"start":{"line":3,"column":24},"end":{"line":3,"column":37}},"loc":{"start":{"line":3,"column":61},"end":{"line":12,"column":1}},"line":3}},"branchMap":{"0":{"loc":{"start":{"line":3,"column":38},"end":{"line":3,"column":51}},"type":"default-arg","locations":[{"start":{"line":3,"column":46},"end":{"line":3,"column":51}}],"line":3},"1":{"loc":{"start":{"line":4,"column":4},"end":{"line":11,"column":5}},"type":"switch","locations":[{"start":{"line":5,"column":8},"end":{"line":6,"column":24}},{"start":{"line":7,"column":8},"end":{"line":8,"column":25}},{"start":{"line":9,"column":8},"end":{"line":10,"column":25}}],"line":4}},"s":{"0":3,"1":1,"2":1,"3":1},"f":{"0":3},"b":{"0":[1],"1":[1,1,1]},"_coverageSchema":"1a1c01bbd47fc00a2c39e90264f33305004495a9","hash":"3b2e240597ca486292b45d1ad58a98be9f183adc"}
,"C:\\Users\\SanjuBalakrishnan\\Desktop\\Certificate-Project\\simple-react-full-stack\\src\\client\\reducers\\LoginReducer.js": {"path":"C:\\Users\\SanjuBalakrishnan\\Desktop\\Certificate-Project\\simple-react-full-stack\\src\\client\\reducers\\LoginReducer.js","statementMap":{"0":{"start":{"line":25,"column":21},"end":{"line":39,"column":1}},"1":{"start":{"line":42,"column":26},"end":{"line":42,"column":61}},"2":{"start":{"line":44,"column":4},"end":{"line":47,"column":5}},"3":{"start":{"line":45,"column":8},"end":{"line":45,"column":88}},"4":{"start":{"line":46,"column":8},"end":{"line":46,"column":47}},"5":{"start":{"line":48,"column":4},"end":{"line":48,"column":27}},"6":{"start":{"line":52,"column":4},"end":{"line":166,"column":5}},"7":{"start":{"line":54,"column":25},"end":{"line":54,"column":56}},"8":{"start":{"line":55,"column":27},"end":{"line":55,"column":75}},"9":{"start":{"line":56,"column":32},"end":{"line":56,"column":54}},"10":{"start":{"line":57,"column":30},"end":{"line":57,"column":112}},"11":{"start":{"line":58,"column":31},"end":{"line":58,"column":91}},"12":{"start":{"line":59,"column":12},"end":{"line":59,"column":115}},"13":{"start":{"line":61,"column":30},"end":{"line":69,"column":13}},"14":{"start":{"line":71,"column":31},"end":{"line":79,"column":13}},"15":{"start":{"line":81,"column":12},"end":{"line":85,"column":14}},"16":{"start":{"line":88,"column":28},"end":{"line":91,"column":13}},"17":{"start":{"line":92,"column":12},"end":{"line":95,"column":14}},"18":{"start":{"line":98,"column":35},"end":{"line":98,"column":52}},"19":{"start":{"line":99,"column":12},"end":{"line":105,"column":14}},"20":{"start":{"line":108,"column":28},"end":{"line":111,"column":13}},"21":{"start":{"line":112,"column":12},"end":{"line":115,"column":14}},"22":{"start":{"line":118,"column":35},"end":{"line":118,"column":52}},"23":{"start":{"line":119,"column":12},"end":{"line":125,"column":14}},"24":{"start":{"line":128,"column":28},"end":{"line":132,"column":13}},"25":{"start":{"line":133,"column":12},"end":{"line":136,"column":14}},"26":{"start":{"line":139,"column":35},"end":{"line":139,"column":52}},"27":{"start":{"line":140,"column":12},"end":{"line":147,"column":14}},"28":{"start":{"line":150,"column":12},"end":{"line":153,"column":14}},"29":{"start":{"line":156,"column":12},"end":{"line":156,"column":32}},"30":{"start":{"line":159,"column":12},"end":{"line":162,"column":14}},"31":{"start":{"line":165,"column":12},"end":{"line":165,"column":25}}},"fnMap":{"0":{"name":"getFooterComponents","decl":{"start":{"line":41,"column":9},"end":{"line":41,"column":28}},"loc":{"start":{"line":41,"column":46},"end":{"line":49,"column":1}},"line":41},"1":{"name":"LoginReducer","decl":{"start":{"line":51,"column":24},"end":{"line":51,"column":36}},"loc":{"start":{"line":51,"column":72},"end":{"line":167,"column":1}},"line":51}},"branchMap":{"0":{"loc":{"start":{"line":44,"column":4},"end":{"line":47,"column":5}},"type":"if","locations":[{"start":{"line":44,"column":4},"end":{"line":47,"column":5}},{"start":{"line":44,"column":4},"end":{"line":47,"column":5}}],"line":44},"1":{"loc":{"start":{"line":44,"column":8},"end":{"line":44,"column":69}},"type":"binary-expr","locations":[{"start":{"line":44,"column":8},"end":{"line":44,"column":23}},{"start":{"line":44,"column":27},"end":{"line":44,"column":69}}],"line":44},"2":{"loc":{"start":{"line":51,"column":37},"end":{"line":51,"column":57}},"type":"default-arg","locations":[{"start":{"line":51,"column":45},"end":{"line":51,"column":57}}],"line":51},"3":{"loc":{"start":{"line":51,"column":59},"end":{"line":51,"column":70}},"type":"default-arg","locations":[{"start":{"line":51,"column":68},"end":{"line":51,"column":70}}],"line":51},"4":{"loc":{"start":{"line":52,"column":4},"end":{"line":166,"column":5}},"type":"switch","locations":[{"start":{"line":53,"column":8},"end":{"line":86,"column":9}},{"start":{"line":87,"column":8},"end":{"line":96,"column":9}},{"start":{"line":97,"column":8},"end":{"line":106,"column":9}},{"start":{"line":107,"column":8},"end":{"line":116,"column":9}},{"start":{"line":117,"column":8},"end":{"line":126,"column":9}},{"start":{"line":127,"column":8},"end":{"line":137,"column":9}},{"start":{"line":138,"column":8},"end":{"line":148,"column":9}},{"start":{"line":149,"column":8},"end":{"line":154,"column":9}},{"start":{"line":155,"column":8},"end":{"line":157,"column":9}},{"start":{"line":158,"column":8},"end":{"line":163,"column":9}},{"start":{"line":164,"column":8},"end":{"line":165,"column":25}}],"line":52},"5":{"loc":{"start":{"line":55,"column":27},"end":{"line":55,"column":75}},"type":"binary-expr","locations":[{"start":{"line":55,"column":27},"end":{"line":55,"column":69}},{"start":{"line":55,"column":73},"end":{"line":55,"column":75}}],"line":55},"6":{"loc":{"start":{"line":57,"column":67},"end":{"line":57,"column":110}},"type":"binary-expr","locations":[{"start":{"line":57,"column":67},"end":{"line":57,"column":104}},{"start":{"line":57,"column":108},"end":{"line":57,"column":110}}],"line":57},"7":{"loc":{"start":{"line":58,"column":31},"end":{"line":58,"column":91}},"type":"binary-expr","locations":[{"start":{"line":58,"column":31},"end":{"line":58,"column":85}},{"start":{"line":58,"column":89},"end":{"line":58,"column":91}}],"line":58},"8":{"loc":{"start":{"line":59,"column":30},"end":{"line":59,"column":109}},"type":"binary-expr","locations":[{"start":{"line":59,"column":30},"end":{"line":59,"column":103}},{"start":{"line":59,"column":107},"end":{"line":59,"column":109}}],"line":59},"9":{"loc":{"start":{"line":90,"column":26},"end":{"line":90,"column":43}},"type":"binary-expr","locations":[{"start":{"line":90,"column":26},"end":{"line":90,"column":37}},{"start":{"line":90,"column":41},"end":{"line":90,"column":43}}],"line":90},"10":{"loc":{"start":{"line":98,"column":20},"end":{"line":98,"column":30}},"type":"default-arg","locations":[{"start":{"line":98,"column":28},"end":{"line":98,"column":30}}],"line":98},"11":{"loc":{"start":{"line":98,"column":35},"end":{"line":98,"column":52}},"type":"binary-expr","locations":[{"start":{"line":98,"column":35},"end":{"line":98,"column":46}},{"start":{"line":98,"column":50},"end":{"line":98,"column":52}}],"line":98},"12":{"loc":{"start":{"line":110,"column":26},"end":{"line":110,"column":43}},"type":"binary-expr","locations":[{"start":{"line":110,"column":26},"end":{"line":110,"column":37}},{"start":{"line":110,"column":41},"end":{"line":110,"column":43}}],"line":110},"13":{"loc":{"start":{"line":118,"column":20},"end":{"line":118,"column":30}},"type":"default-arg","locations":[{"start":{"line":118,"column":28},"end":{"line":118,"column":30}}],"line":118},"14":{"loc":{"start":{"line":118,"column":35},"end":{"line":118,"column":52}},"type":"binary-expr","locations":[{"start":{"line":118,"column":35},"end":{"line":118,"column":46}},{"start":{"line":118,"column":50},"end":{"line":118,"column":52}}],"line":118},"15":{"loc":{"start":{"line":131,"column":26},"end":{"line":131,"column":43}},"type":"binary-expr","locations":[{"start":{"line":131,"column":26},"end":{"line":131,"column":37}},{"start":{"line":131,"column":41},"end":{"line":131,"column":43}}],"line":131},"16":{"loc":{"start":{"line":139,"column":20},"end":{"line":139,"column":30}},"type":"default-arg","locations":[{"start":{"line":139,"column":28},"end":{"line":139,"column":30}}],"line":139},"17":{"loc":{"start":{"line":139,"column":35},"end":{"line":139,"column":52}},"type":"binary-expr","locations":[{"start":{"line":139,"column":35},"end":{"line":139,"column":46}},{"start":{"line":139,"column":50},"end":{"line":139,"column":52}}],"line":139}},"s":{"0":0,"1":0,"2":0,"3":0,"4":0,"5":0,"6":0,"7":0,"8":0,"9":0,"10":0,"11":0,"12":0,"13":0,"14":0,"15":0,"16":0,"17":0,"18":0,"19":0,"20":0,"21":0,"22":0,"23":0,"24":0,"25":0,"26":0,"27":0,"28":0,"29":0,"30":0,"31":0},"f":{"0":0,"1":0},"b":{"0":[0,0],"1":[0,0],"2":[0],"3":[0],"4":[0,0,0,0,0,0,0,0,0,0,0],"5":[0,0],"6":[0,0],"7":[0,0],"8":[0,0],"9":[0,0],"10":[0],"11":[0,0],"12":[0,0],"13":[0],"14":[0,0],"15":[0,0],"16":[0],"17":[0,0]}}
,"C:\\Users\\SanjuBalakrishnan\\Desktop\\Certificate-Project\\simple-react-full-stack\\src\\client\\reducers\\UserInfoReducer.js": {"path":"C:\\Users\\SanjuBalakrishnan\\Desktop\\Certificate-Project\\simple-react-full-stack\\src\\client\\reducers\\UserInfoReducer.js","statementMap":{"0":{"start":{"line":4,"column":4},"end":{"line":15,"column":5}},"1":{"start":{"line":6,"column":12},"end":{"line":8,"column":14}},"2":{"start":{"line":10,"column":12},"end":{"line":12,"column":14}},"3":{"start":{"line":14,"column":12},"end":{"line":14,"column":25}}},"fnMap":{"0":{"name":"UserInfoReducer","decl":{"start":{"line":3,"column":24},"end":{"line":3,"column":39}},"loc":{"start":{"line":3,"column":65},"end":{"line":16,"column":1}},"line":3}},"branchMap":{"0":{"loc":{"start":{"line":3,"column":40},"end":{"line":3,"column":50}},"type":"default-arg","locations":[{"start":{"line":3,"column":48},"end":{"line":3,"column":50}}],"line":3},"1":{"loc":{"start":{"line":3,"column":52},"end":{"line":3,"column":63}},"type":"default-arg","locations":[{"start":{"line":3,"column":61},"end":{"line":3,"column":63}}],"line":3},"2":{"loc":{"start":{"line":4,"column":4},"end":{"line":15,"column":5}},"type":"switch","locations":[{"start":{"line":5,"column":8},"end":{"line":8,"column":14}},{"start":{"line":9,"column":8},"end":{"line":12,"column":14}},{"start":{"line":13,"column":8},"end":{"line":14,"column":25}}],"line":4}},"s":{"0":4,"1":1,"2":1,"3":2},"f":{"0":4},"b":{"0":[2],"1":[1],"2":[1,1,2]},"_coverageSchema":"1a1c01bbd47fc00a2c39e90264f33305004495a9","hash":"2205f27e4cfff203241a251dc96e06708a1e6c57"}
,"C:\\Users\\SanjuBalakrishnan\\Desktop\\Certificate-Project\\simple-react-full-stack\\src\\client\\redux\\ContextReducer.js": {"path":"C:\\Users\\SanjuBalakrishnan\\Desktop\\Certificate-Project\\simple-react-full-stack\\src\\client\\redux\\ContextReducer.js","statementMap":{"0":{"start":{"line":5,"column":4},"end":{"line":10,"column":5}},"1":{"start":{"line":7,"column":12},"end":{"line":7,"column":34}},"2":{"start":{"line":9,"column":12},"end":{"line":9,"column":25}}},"fnMap":{"0":{"name":"ContextReducer","decl":{"start":{"line":4,"column":24},"end":{"line":4,"column":38}},"loc":{"start":{"line":4,"column":59},"end":{"line":11,"column":1}},"line":4}},"branchMap":{"0":{"loc":{"start":{"line":4,"column":39},"end":{"line":4,"column":49}},"type":"default-arg","locations":[{"start":{"line":4,"column":47},"end":{"line":4,"column":49}}],"line":4},"1":{"loc":{"start":{"line":5,"column":4},"end":{"line":10,"column":5}},"type":"switch","locations":[{"start":{"line":6,"column":8},"end":{"line":7,"column":34}},{"start":{"line":8,"column":8},"end":{"line":9,"column":25}}],"line":5}},"s":{"0":0,"1":0,"2":0},"f":{"0":0},"b":{"0":[0],"1":[0,0]}}
,"C:\\Users\\SanjuBalakrishnan\\Desktop\\Certificate-Project\\simple-react-full-stack\\src\\client\\redux\\Store.js": {"path":"C:\\Users\\SanjuBalakrishnan\\Desktop\\Certificate-Project\\simple-react-full-stack\\src\\client\\redux\\Store.js","statementMap":{"0":{"start":{"line":8,"column":21},"end":{"line":8,"column":23}},"1":{"start":{"line":9,"column":23},"end":{"line":9,"column":45}},"2":{"start":{"line":10,"column":21},"end":{"line":13,"column":1}},"3":{"start":{"line":15,"column":14},"end":{"line":19,"column":1}},"4":{"start":{"line":20,"column":0},"end":{"line":20,"column":30}}},"fnMap":{},"branchMap":{},"s":{"0":0,"1":0,"2":0,"3":0,"4":0},"f":{},"b":{}}
}
