TN:
SF:src\client\App.js
FN:8,(anonymous_0)
FN:10,(anonymous_1)
FN:11,(anonymous_2)
FN:14,(anonymous_3)
FNF:4
FNH:0
FNDA:0,(anonymous_0)
FNDA:0,(anonymous_1)
FNDA:0,(anonymous_2)
FNDA:0,(anonymous_3)
DA:6,0
DA:9,0
DA:10,0
DA:11,0
DA:15,0
DA:16,0
LF:6
LH:0
BRDA:18,0,0,0
BRDA:18,0,1,0
BRF:2
BRH:0
end_of_record
TN:
SF:src\client\actions\LoaderAction.js
FN:3,(anonymous_0)
FN:7,(anonymous_1)
FNF:2
FNH:2
FNDA:1,(anonymous_0)
FNDA:1,(anonymous_1)
DA:3,1
DA:7,1
LF:2
LH:2
BRF:0
BRH:0
end_of_record
TN:
SF:src\client\actions\UserInfoAction.js
FN:3,(anonymous_0)
FNF:1
FNH:1
FNDA:1,(anonymous_0)
DA:3,1
LF:1
LH:1
BRF:0
BRH:0
end_of_record
TN:
SF:src\client\components\Loader\Loader.jsx
FN:28,(anonymous_0)
FN:32,(anonymous_1)
FN:56,(anonymous_2)
FNF:3
FNH:0
FNDA:0,(anonymous_0)
FNDA:0,(anonymous_1)
FNDA:0,(anonymous_2)
DA:7,0
DA:10,0
DA:19,0
DA:29,0
DA:33,0
DA:35,0
DA:56,0
LF:7
LH:0
BRDA:37,0,0,0
BRDA:37,0,1,0
BRDA:37,0,2,0
BRDA:38,1,0,0
BRDA:38,1,1,0
BRDA:44,2,0,0
BRDA:44,2,1,0
BRDA:44,2,2,0
BRF:8
BRH:0
end_of_record
TN:
SF:src\client\containers\pages\LoginPage\LoginPage.jsx
FN:31,(anonymous_0)
FN:53,(anonymous_1)
FN:58,(anonymous_2)
FN:82,(anonymous_3)
FN:90,(anonymous_4)
FNF:5
FNH:0
FNDA:0,(anonymous_0)
FNDA:0,(anonymous_1)
FNDA:0,(anonymous_2)
FNDA:0,(anonymous_3)
FNDA:0,(anonymous_4)
DA:10,0
DA:12,0
DA:19,0
DA:31,0
DA:32,0
DA:33,0
DA:35,0
DA:36,0
DA:37,0
DA:38,0
DA:39,0
DA:40,0
DA:41,0
DA:45,0
DA:46,0
DA:47,0
DA:49,0
DA:53,0
DA:54,0
DA:55,0
DA:59,0
DA:82,0
DA:83,0
DA:90,0
LF:24
LH:0
BRDA:35,0,0,0
BRDA:35,0,1,0
BRDA:37,1,0,0
BRDA:37,1,1,0
BRDA:39,2,0,0
BRDA:39,2,1,0
BRDA:41,3,0,0
BRDA:41,3,1,0
BRDA:42,4,0,0
BRDA:42,4,1,0
BRF:10
BRH:0
end_of_record
TN:
SF:src\client\reducers\LoaderReducer.js
FN:3,LoaderReducer
FNF:1
FNH:1
FNDA:3,LoaderReducer
DA:4,3
DA:6,1
DA:8,1
DA:10,1
LF:4
LH:4
BRDA:3,0,0,1
BRDA:4,1,0,1
BRDA:4,1,1,1
BRDA:4,1,2,1
BRF:4
BRH:4
end_of_record
TN:
SF:src\client\reducers\LoginReducer.js
FN:41,getFooterComponents
FN:51,LoginReducer
FNF:2
FNH:0
FNDA:0,getFooterComponents
FNDA:0,LoginReducer
DA:25,0
DA:42,0
DA:44,0
DA:45,0
DA:46,0
DA:48,0
DA:52,0
DA:54,0
DA:55,0
DA:56,0
DA:57,0
DA:58,0
DA:59,0
DA:61,0
DA:71,0
DA:81,0
DA:88,0
DA:92,0
DA:98,0
DA:99,0
DA:108,0
DA:112,0
DA:118,0
DA:119,0
DA:128,0
DA:133,0
DA:139,0
DA:140,0
DA:150,0
DA:156,0
DA:159,0
DA:165,0
LF:32
LH:0
BRDA:44,0,0,0
BRDA:44,0,1,0
BRDA:44,1,0,0
BRDA:44,1,1,0
BRDA:51,2,0,0
BRDA:51,3,0,0
BRDA:52,4,0,0
BRDA:52,4,1,0
BRDA:52,4,2,0
BRDA:52,4,3,0
BRDA:52,4,4,0
BRDA:52,4,5,0
BRDA:52,4,6,0
BRDA:52,4,7,0
BRDA:52,4,8,0
BRDA:52,4,9,0
BRDA:52,4,10,0
BRDA:55,5,0,0
BRDA:55,5,1,0
BRDA:57,6,0,0
BRDA:57,6,1,0
BRDA:58,7,0,0
BRDA:58,7,1,0
BRDA:59,8,0,0
BRDA:59,8,1,0
BRDA:90,9,0,0
BRDA:90,9,1,0
BRDA:98,10,0,0
BRDA:98,11,0,0
BRDA:98,11,1,0
BRDA:110,12,0,0
BRDA:110,12,1,0
BRDA:118,13,0,0
BRDA:118,14,0,0
BRDA:118,14,1,0
BRDA:131,15,0,0
BRDA:131,15,1,0
BRDA:139,16,0,0
BRDA:139,17,0,0
BRDA:139,17,1,0
BRF:40
BRH:0
end_of_record
TN:
SF:src\client\reducers\UserInfoReducer.js
FN:3,UserInfoReducer
FNF:1
FNH:1
FNDA:4,UserInfoReducer
DA:4,4
DA:6,1
DA:10,1
DA:14,2
LF:4
LH:4
BRDA:3,0,0,2
BRDA:3,1,0,1
BRDA:4,2,0,1
BRDA:4,2,1,1
BRDA:4,2,2,2
BRF:5
BRH:5
end_of_record
TN:
SF:src\client\redux\ContextReducer.js
FN:4,ContextReducer
FNF:1
FNH:0
FNDA:0,ContextReducer
DA:5,0
DA:7,0
DA:9,0
LF:3
LH:0
BRDA:4,0,0,0
BRDA:5,1,0,0
BRDA:5,1,1,0
BRF:3
BRH:0
end_of_record
TN:
SF:src\client\redux\Store.js
FNF:0
FNH:0
DA:8,0
DA:9,0
DA:10,0
DA:15,0
DA:20,0
LF:5
LH:0
BRF:0
BRH:0
end_of_record
