TN:
SF:src\client\actions\ContactMeAction.js
FN:9,(anonymous_0)
FN:14,(anonymous_1)
FN:19,(anonymous_2)
FN:24,(anonymous_3)
FN:29,(anonymous_4)
FNF:5
FNH:5
FNDA:4,(anonymous_0)
FNDA:1,(anonymous_1)
FNDA:1,(anonymous_2)
FNDA:1,(anonymous_3)
FNDA:1,(anonymous_4)
DA:9,4
DA:14,2
DA:19,2
DA:24,2
DA:29,2
LF:5
LH:5
BRF:0
BRH:0
end_of_record
TN:
SF:src\client\actions\LoaderAction.js
FN:3,(anonymous_0)
FN:7,(anonymous_1)
FNF:2
FNH:2
FNDA:1,(anonymous_0)
FNDA:1,(anonymous_1)
DA:3,1
DA:7,1
LF:2
LH:2
BRF:0
BRH:0
end_of_record
TN:
SF:src\client\actions\LoginAction.js
FN:3,(anonymous_0)
FNF:1
FNH:1
FNDA:9,(anonymous_0)
DA:3,9
LF:1
LH:1
BRF:0
BRH:0
end_of_record
TN:
SF:src\client\actions\PageAction.js
FN:3,(anonymous_0)
FNF:1
FNH:1
FNDA:4,(anonymous_0)
DA:3,4
LF:1
LH:1
BRF:0
BRH:0
end_of_record
TN:
SF:src\client\actions\UserInfoAction.js
FN:3,(anonymous_0)
FNF:1
FNH:1
FNDA:1,(anonymous_0)
DA:3,1
LF:1
LH:1
BRF:0
BRH:0
end_of_record
TN:
SF:src\client\common\Constants.js
FNF:0
FNH:0
DA:2,5
DA:19,5
DA:34,5
DA:36,5
DA:38,5
DA:53,5
DA:60,5
DA:76,5
LF:8
LH:8
BRF:0
BRH:0
end_of_record
TN:
SF:src\client\common\Utils\Utils.js
FN:1,formatCurrency
FNF:1
FNH:1
FNDA:70,formatCurrency
DA:2,70
LF:1
LH:1
BRF:0
BRH:0
end_of_record
TN:
SF:src\client\components\Button\Button.jsx
FN:10,(anonymous_0)
FNF:1
FNH:1
FNDA:6,(anonymous_0)
DA:5,1
DA:6,1
DA:7,1
DA:10,1
DA:11,6
DA:13,6
DA:14,6
DA:15,6
DA:30,1
DA:42,1
LF:10
LH:10
BRDA:13,0,0,2
BRDA:13,0,1,4
BRDA:14,1,0,5
BRDA:14,1,1,1
BRF:4
BRH:4
end_of_record
TN:
SF:src\client\components\ErrorPage\ErrorPage.jsx
FN:10,(anonymous_0)
FN:24,(anonymous_1)
FN:28,(anonymous_2)
FNF:3
FNH:3
FNDA:1,(anonymous_0)
FNDA:1,(anonymous_1)
FNDA:1,(anonymous_2)
DA:11,1
DA:24,1
DA:28,1
LF:3
LH:3
BRF:0
BRH:0
end_of_record
TN:
SF:src\client\components\Layout\Layout.js
FN:13,(anonymous_0)
FN:20,(anonymous_1)
FN:24,(anonymous_2)
FNF:3
FNH:3
FNDA:14,(anonymous_0)
FNDA:1,(anonymous_1)
FNDA:23,(anonymous_2)
DA:7,7
DA:10,7
DA:14,14
DA:15,14
DA:20,14
DA:21,1
DA:25,23
DA:26,23
LF:8
LH:8
BRF:0
BRH:0
end_of_record
TN:
SF:src\client\components\Loader\Loader.jsx
FN:28,(anonymous_0)
FN:32,(anonymous_1)
FN:56,(anonymous_2)
FNF:3
FNH:3
FNDA:1,(anonymous_0)
FNDA:10,(anonymous_1)
FNDA:6,(anonymous_2)
DA:7,2
DA:10,2
DA:19,2
DA:29,1
DA:33,10
DA:35,10
DA:56,6
LF:7
LH:7
BRDA:37,0,0,10
BRDA:37,0,1,7
BRDA:37,0,2,7
BRDA:38,1,0,7
BRDA:38,1,1,7
BRF:5
BRH:5
end_of_record
TN:
SF:src\client\containers\pages\AboutUs\AboutUs.jsx
FN:23,(anonymous_0)
FN:27,(anonymous_1)
FN:55,(anonymous_2)
FN:61,(anonymous_3)
FNF:4
FNH:4
FNDA:2,(anonymous_0)
FNDA:3,(anonymous_1)
FNDA:1,(anonymous_2)
FNDA:1,(anonymous_3)
DA:13,1
DA:18,1
DA:24,2
DA:28,3
DA:29,3
DA:55,1
DA:56,1
DA:61,1
LF:8
LH:8
BRDA:32,0,0,3
BRDA:32,0,1,2
BRF:2
BRH:2
end_of_record
TN:
SF:src\client\containers\pages\Cart\Cart.jsx
FN:11,Cart
FN:17,(anonymous_1)
FN:20,(anonymous_2)
FN:25,(anonymous_3)
FN:38,(anonymous_4)
FN:39,(anonymous_5)
FN:45,(anonymous_6)
FN:49,(anonymous_7)
FN:82,(anonymous_8)
FNF:9
FNH:8
FNDA:8,Cart
FNDA:12,(anonymous_1)
FNDA:12,(anonymous_2)
FNDA:2,(anonymous_3)
FNDA:2,(anonymous_4)
FNDA:4,(anonymous_5)
FNDA:2,(anonymous_6)
FNDA:2,(anonymous_7)
FNDA:0,(anonymous_8)
DA:12,8
DA:13,8
DA:14,8
DA:15,8
DA:17,8
DA:18,12
DA:20,8
DA:21,12
DA:23,8
DA:25,8
DA:26,2
DA:27,2
DA:28,2
DA:30,2
DA:31,1
DA:32,1
DA:33,1
DA:35,2
DA:38,8
DA:39,2
DA:40,4
DA:42,2
DA:45,8
DA:46,2
DA:49,8
DA:50,2
DA:57,2
DA:60,8
DA:82,0
DA:89,1
DA:93,1
LF:31
LH:30
BRDA:30,0,0,1
BRDA:30,0,1,1
BRDA:32,1,0,1
BRDA:32,1,1,0
BRDA:32,2,0,1
BRDA:32,2,1,1
BRDA:64,3,0,8
BRDA:64,3,1,0
BRF:8
BRH:6
end_of_record
TN:
SF:src\client\containers\pages\Cart\ProductList.jsx
FN:5,ProductList
FN:9,(anonymous_1)
FN:34,(anonymous_2)
FN:40,(anonymous_3)
FN:68,(anonymous_4)
FN:69,(anonymous_5)
FNF:6
FNH:6
FNDA:13,ProductList
FNDA:22,(anonymous_1)
FNDA:2,(anonymous_2)
FNDA:2,(anonymous_3)
FNDA:1,(anonymous_4)
FNDA:2,(anonymous_5)
DA:6,13
DA:10,22
DA:34,2
DA:40,2
DA:60,2
DA:66,2
LF:6
LH:6
BRF:0
BRH:0
end_of_record
TN:
SF:src\client\containers\pages\Cart\Summary.jsx
FN:6,Summary
FNF:1
FNH:1
FNDA:12,Summary
DA:13,12
DA:14,12
DA:48,1
DA:54,1
LF:4
LH:4
BRDA:27,0,0,12
BRDA:27,0,1,12
BRF:2
BRH:2
end_of_record
TN:
SF:src\client\containers\pages\ChoosePage\ChoosePage.jsx
FN:20,(anonymous_0)
FN:24,(anonymous_1)
FN:31,(anonymous_2)
FN:55,(anonymous_3)
FN:61,(anonymous_4)
FNF:5
FNH:5
FNDA:2,(anonymous_0)
FNDA:2,(anonymous_1)
FNDA:3,(anonymous_2)
FNDA:1,(anonymous_3)
FNDA:1,(anonymous_4)
DA:12,1
DA:16,1
DA:21,2
DA:25,2
DA:26,2
DA:32,3
DA:33,3
DA:55,1
DA:56,1
DA:61,1
LF:10
LH:10
BRDA:36,0,0,3
BRDA:36,0,1,2
BRF:2
BRH:2
end_of_record
TN:
SF:src\client\containers\pages\ContactMe\ContactMe.jsx
FN:25,(anonymous_0)
FN:36,(anonymous_1)
FN:42,(anonymous_2)
FN:46,(anonymous_3)
FN:50,(anonymous_4)
FN:54,(anonymous_5)
FN:58,(anonymous_6)
FN:74,(anonymous_7)
FN:78,(anonymous_8)
FN:138,(anonymous_9)
FN:142,(anonymous_10)
FNF:11
FNH:10
FNDA:5,(anonymous_0)
FNDA:5,(anonymous_1)
FNDA:1,(anonymous_2)
FNDA:1,(anonymous_3)
FNDA:2,(anonymous_4)
FNDA:1,(anonymous_5)
FNDA:1,(anonymous_6)
FNDA:0,(anonymous_7)
FNDA:13,(anonymous_8)
FNDA:3,(anonymous_9)
FNDA:3,(anonymous_10)
DA:14,1
DA:19,1
DA:26,5
DA:27,5
DA:37,5
DA:38,5
DA:43,1
DA:47,1
DA:51,2
DA:55,1
DA:59,1
DA:75,0
DA:79,13
DA:80,13
DA:81,10
DA:83,3
DA:84,3
DA:138,3
DA:142,1
DA:143,3
LF:20
LH:19
BRDA:37,0,0,5
BRDA:37,0,1,0
BRDA:80,1,0,10
BRDA:80,1,1,3
BRDA:95,2,0,3
BRDA:95,2,1,3
BRDA:125,3,0,3
BRDA:125,3,1,0
BRDA:139,4,0,3
BRDA:139,4,1,3
BRF:10
BRH:8
end_of_record
TN:
SF:src\client\containers\pages\HomePage\HomePage.jsx
FN:20,(anonymous_0)
FN:24,(anonymous_1)
FN:46,(anonymous_2)
FN:52,(anonymous_3)
FNF:4
FNH:4
FNDA:2,(anonymous_0)
FNDA:3,(anonymous_1)
FNDA:1,(anonymous_2)
FNDA:1,(anonymous_3)
DA:12,1
DA:16,1
DA:21,2
DA:25,3
DA:26,3
DA:46,1
DA:47,1
DA:52,1
LF:8
LH:8
BRDA:29,0,0,3
BRDA:29,0,1,2
BRF:2
BRH:2
end_of_record
TN:
SF:src\client\containers\pages\LoginPage\LoginPage.jsx
FN:24,(anonymous_0)
FN:36,(anonymous_1)
FN:40,(anonymous_2)
FN:88,(anonymous_3)
FN:127,(anonymous_4)
FN:133,(anonymous_5)
FNF:6
FNH:6
FNDA:11,(anonymous_0)
FNDA:11,(anonymous_1)
FNDA:5,(anonymous_2)
FNDA:19,(anonymous_3)
FNDA:8,(anonymous_4)
FNDA:8,(anonymous_5)
DA:14,1
DA:19,1
DA:25,11
DA:26,11
DA:37,11
DA:40,11
DA:41,5
DA:42,5
DA:44,5
DA:45,1
DA:50,4
DA:51,0
DA:56,4
DA:57,1
DA:63,3
DA:64,1
DA:71,1
DA:72,1
DA:79,2
DA:89,19
DA:90,19
DA:127,1
DA:128,8
DA:133,8
LF:24
LH:23
BRDA:44,0,0,1
BRDA:44,0,1,4
BRDA:44,1,0,5
BRDA:44,1,1,1
BRDA:50,2,0,0
BRDA:50,2,1,4
BRDA:56,3,0,1
BRDA:56,3,1,3
BRDA:63,4,0,1
BRDA:63,4,1,2
BRDA:63,5,0,3
BRDA:63,5,1,1
BRDA:99,6,0,19
BRDA:99,6,1,3
BRDA:108,7,0,19
BRDA:108,7,1,3
BRDA:116,8,0,19
BRDA:116,8,1,4
BRDA:118,9,0,19
BRDA:118,9,1,5
BRDA:119,10,0,19
BRDA:119,10,1,5
BRF:22
BRH:21
end_of_record
TN:
SF:src\client\reducers\ContactInfoReducer.js
FN:6,ContactInfoReducer
FNF:1
FNH:1
FNDA:3,ContactInfoReducer
DA:7,3
DA:9,1
DA:10,1
DA:11,1
DA:17,1
DA:23,1
LF:6
LH:6
BRDA:6,0,0,1
BRDA:6,1,0,1
BRDA:7,2,0,1
BRDA:7,2,1,1
BRDA:7,2,2,1
BRF:5
BRH:5
end_of_record
TN:
SF:src\client\reducers\LoaderReducer.js
FN:3,LoaderReducer
FNF:1
FNH:1
FNDA:3,LoaderReducer
DA:4,3
DA:6,1
DA:8,1
DA:10,1
LF:4
LH:4
BRDA:3,0,0,1
BRDA:4,1,0,1
BRDA:4,1,1,1
BRDA:4,1,2,1
BRF:4
BRH:4
end_of_record
TN:
SF:src\client\reducers\LoginReducer.js
FN:11,LoginReducer
FNF:1
FNH:1
FNDA:3,LoginReducer
DA:7,1
DA:12,3
DA:14,1
DA:20,1
DA:25,1
LF:5
LH:5
BRDA:11,0,0,1
BRDA:11,1,0,1
BRDA:12,2,0,1
BRDA:12,2,1,1
BRDA:12,2,2,1
BRF:5
BRH:5
end_of_record
TN:
SF:src\client\reducers\PageContentReducer.js
FN:11,PageReducer
FNF:1
FNH:1
FNDA:3,PageReducer
DA:7,1
DA:12,3
DA:14,1
DA:20,1
DA:25,1
LF:5
LH:5
BRDA:11,0,0,1
BRDA:11,1,0,1
BRDA:12,2,0,1
BRDA:12,2,1,1
BRDA:12,2,2,1
BRF:5
BRH:5
end_of_record
TN:
SF:src\client\reducers\UserInfoReducer.js
FN:3,UserInfoReducer
FNF:1
FNH:1
FNDA:4,UserInfoReducer
DA:4,4
DA:6,1
DA:10,1
DA:14,2
LF:4
LH:4
BRDA:3,0,0,2
BRDA:3,1,0,1
BRDA:4,2,0,1
BRDA:4,2,1,1
BRDA:4,2,2,2
BRF:5
BRH:5
end_of_record
